SF:C:\git\bp\BPCalculator\BloodPressure.cs
FN:22,System.Int32 BPCalculator.BloodPressure::get_Systolic()
FNDA:39,System.Int32 BPCalculator.BloodPressure::get_Systolic()
DA:23,39
FN:25,System.Int32 BPCalculator.BloodPressure::get_Diastolic()
FNDA:32,System.Int32 BPCalculator.BloodPressure::get_Diastolic()
DA:26,32
FN:31,BPCalculator.BPCategory BPCalculator.BloodPressure::get_Category()
FNDA:9,BPCalculator.BPCategory BPCalculator.BloodPressure::get_Category()
DA:32,9
DA:34,9
DA:35,2
DA:36,2
DA:38,7
DA:39,3
DA:40,3
DA:42,4
DA:43,2
DA:44,2
DA:46,2
DA:47,2
DA:48,2
DA:51,0
DA:52,0
DA:54,9
BRDA:34,9,0,8
BRDA:34,9,1,1
BRDA:34,26,0,2
BRDA:34,26,1,7
BRDA:38,47,0,2
BRDA:38,47,1,6
BRDA:38,60,0,6
BRDA:38,60,1,1
BRDA:38,77,0,3
BRDA:38,77,1,4
BRDA:42,95,0,4
BRDA:42,105,0,3
BRDA:42,115,0,3
BRDA:42,115,1,0
BRDA:42,95,1,1
BRDA:42,105,1,1
BRDA:42,138,0,2
BRDA:42,138,1,2
BRDA:46,153,0,1
BRDA:46,153,1,1
BRDA:46,166,0,1
BRDA:46,176,0,1
BRDA:46,176,1,0
BRDA:46,166,1,1
BRDA:46,201,0,2
BRDA:46,201,1,0
LF:18
LH:16
BRF:26
BRH:23
FNF:3
FNH:3
end_of_record
SF:C:\git\bp\BPCalculator\Program.cs
FN:15,System.Void BPCalculator.Program::Main(System.String[])
FNDA:0,System.Void BPCalculator.Program::Main(System.String[])
DA:16,0
DA:17,0
DA:18,0
FN:20,Microsoft.AspNetCore.Hosting.IWebHost BPCalculator.Program::BuildWebHost(System.String[])
FNDA:0,Microsoft.AspNetCore.Hosting.IWebHost BPCalculator.Program::BuildWebHost(System.String[])
DA:21,0
DA:22,0
DA:23,0
LF:6
LH:0
BRF:0
BRH:0
FNF:2
FNH:0
end_of_record
SF:C:\git\bp\BPCalculator\Startup.cs
FN:14,Microsoft.Extensions.Configuration.IConfiguration BPCalculator.Startup::get_Configuration()
FNDA:0,Microsoft.Extensions.Configuration.IConfiguration BPCalculator.Startup::get_Configuration()
DA:15,0
FN:18,System.Void BPCalculator.Startup::ConfigureServices(Microsoft.Extensions.DependencyInjection.IServiceCollection)
FNDA:0,System.Void BPCalculator.Startup::ConfigureServices(Microsoft.Extensions.DependencyInjection.IServiceCollection)
DA:19,0
DA:20,0
DA:21,0
FN:24,System.Void BPCalculator.Startup::Configure(Microsoft.AspNetCore.Builder.IApplicationBuilder,Microsoft.AspNetCore.Hosting.IHostingEnvironment)
FNDA:0,System.Void BPCalculator.Startup::Configure(Microsoft.AspNetCore.Builder.IApplicationBuilder,Microsoft.AspNetCore.Hosting.IHostingEnvironment)
DA:25,0
DA:26,0
DA:27,0
DA:28,0
DA:29,0
DA:30,0
DA:32,0
DA:33,0
DA:34,0
DA:36,0
DA:38,0
DA:39,0
BRDA:26,9,0,0
BRDA:26,9,1,0
FN:9,System.Void BPCalculator.Startup::.ctor(Microsoft.Extensions.Configuration.IConfiguration)
FNDA:0,System.Void BPCalculator.Startup::.ctor(Microsoft.Extensions.Configuration.IConfiguration)
DA:10,0
DA:11,0
DA:12,0
DA:13,0
LF:20
LH:0
BRF:2
BRH:0
FNF:4
FNH:0
end_of_record
SF:C:\git\bp\BPCalculator\Pages\About.cshtml.cs
FN:10,System.String BPCalculator.Pages.AboutModel::get_Message()
FNDA:0,System.String BPCalculator.Pages.AboutModel::get_Message()
DA:11,0
FN:13,System.Void BPCalculator.Pages.AboutModel::OnGet()
FNDA:0,System.Void BPCalculator.Pages.AboutModel::OnGet()
DA:14,0
DA:15,0
DA:16,0
LF:4
LH:0
BRF:0
BRH:0
FNF:2
FNH:0
end_of_record
SF:C:\git\bp\BPCalculator\Pages\BloodPressure.cshtml.cs
FN:10,BPCalculator.BloodPressure BPCalculator.Pages.BloodPressureModel::get_BP()
FNDA:0,BPCalculator.BloodPressure BPCalculator.Pages.BloodPressureModel::get_BP()
DA:11,0
FN:14,System.Void BPCalculator.Pages.BloodPressureModel::OnGet()
FNDA:0,System.Void BPCalculator.Pages.BloodPressureModel::OnGet()
DA:15,0
DA:16,0
DA:17,0
FN:20,Microsoft.AspNetCore.Mvc.IActionResult BPCalculator.Pages.BloodPressureModel::OnPost()
FNDA:0,Microsoft.AspNetCore.Mvc.IActionResult BPCalculator.Pages.BloodPressureModel::OnPost()
DA:21,0
DA:23,0
DA:24,0
DA:25,0
DA:26,0
DA:27,0
DA:28,0
BRDA:23,30,0,0
BRDA:23,30,1,0
LF:11
LH:0
BRF:2
BRH:0
FNF:3
FNH:0
end_of_record
SF:C:\git\bp\BPCalculator\Pages\Contact.cshtml.cs
FN:10,System.String BPCalculator.Pages.ContactModel::get_Message()
FNDA:0,System.String BPCalculator.Pages.ContactModel::get_Message()
DA:11,0
FN:13,System.Void BPCalculator.Pages.ContactModel::OnGet()
FNDA:0,System.Void BPCalculator.Pages.ContactModel::OnGet()
DA:14,0
DA:15,0
DA:16,0
LF:4
LH:0
BRF:0
BRH:0
FNF:2
FNH:0
end_of_record
SF:C:\git\bp\BPCalculator\Pages\Error.cshtml.cs
FN:11,System.String BPCalculator.Pages.ErrorModel::get_RequestId()
FNDA:0,System.String BPCalculator.Pages.ErrorModel::get_RequestId()
DA:12,0
FN:13,System.Boolean BPCalculator.Pages.ErrorModel::get_ShowRequestId()
FNDA:0,System.Boolean BPCalculator.Pages.ErrorModel::get_ShowRequestId()
DA:14,0
FN:16,System.Void BPCalculator.Pages.ErrorModel::OnGet()
FNDA:0,System.Void BPCalculator.Pages.ErrorModel::OnGet()
DA:17,0
DA:18,0
DA:19,0
BRDA:18,8,0,0
BRDA:18,8,1,0
BRDA:18,20,0,0
BRDA:18,20,1,0
LF:5
LH:0
BRF:4
BRH:0
FNF:3
FNH:0
end_of_record
SF:C:\git\bp\BPCalculator\Pages\Index.cshtml.cs
FN:12,System.Void BPCalculator.Pages.IndexModel::OnGet()
FNDA:0,System.Void BPCalculator.Pages.IndexModel::OnGet()
DA:13,0
DA:15,0
LF:2
LH:0
BRF:0
BRH:0
FNF:1
FNH:0
end_of_record
SF:D:\repos\nunit\nunit3-vs-adapter\src\NUnitTestAdapter\AdapterSettings.cs
FN:84,System.Int32 NUnit.VisualStudio.TestAdapter.AdapterSettings::get_MaxCpuCount()
FNDA:1,System.Int32 NUnit.VisualStudio.TestAdapter.AdapterSettings::get_MaxCpuCount()
DA:85,1
FN:86,System.String NUnit.VisualStudio.TestAdapter.AdapterSettings::get_ResultsDirectory()
FNDA:1,System.String NUnit.VisualStudio.TestAdapter.AdapterSettings::get_ResultsDirectory()
DA:87,1
FN:88,System.String NUnit.VisualStudio.TestAdapter.AdapterSettings::get_TargetPlatform()
FNDA:1,System.String NUnit.VisualStudio.TestAdapter.AdapterSettings::get_TargetPlatform()
DA:89,1
FN:90,System.String NUnit.VisualStudio.TestAdapter.AdapterSettings::get_TargetFrameworkVersion()
FNDA:1,System.String NUnit.VisualStudio.TestAdapter.AdapterSettings::get_TargetFrameworkVersion()
DA:91,1
FN:92,System.String NUnit.VisualStudio.TestAdapter.AdapterSettings::get_TestAdapterPaths()
FNDA:1,System.String NUnit.VisualStudio.TestAdapter.AdapterSettings::get_TestAdapterPaths()
DA:93,1
FN:97,System.Boolean NUnit.VisualStudio.TestAdapter.AdapterSettings::get_CollectSourceInformation()
FNDA:2,System.Boolean NUnit.VisualStudio.TestAdapter.AdapterSettings::get_CollectSourceInformation()
DA:98,2
FN:102,System.Boolean NUnit.VisualStudio.TestAdapter.AdapterSettings::get_DisableAppDomain()
FNDA:2,System.Boolean NUnit.VisualStudio.TestAdapter.AdapterSettings::get_DisableAppDomain()
DA:103,2
FN:107,System.Boolean NUnit.VisualStudio.TestAdapter.AdapterSettings::get_DisableParallelization()
FNDA:3,System.Boolean NUnit.VisualStudio.TestAdapter.AdapterSettings::get_DisableParallelization()
DA:108,3
FN:112,System.Boolean NUnit.VisualStudio.TestAdapter.AdapterSettings::get_DesignMode()
FNDA:1,System.Boolean NUnit.VisualStudio.TestAdapter.AdapterSettings::get_DesignMode()
DA:113,1
FN:118,System.Collections.Generic.IDictionary`2<System.String,System.String> NUnit.VisualStudio.TestAdapter.AdapterSettings::get_TestProperties()
FNDA:2,System.Collections.Generic.IDictionary`2<System.String,System.String> NUnit.VisualStudio.TestAdapter.AdapterSettings::get_TestProperties()
DA:119,2
FN:124,System.String NUnit.VisualStudio.TestAdapter.AdapterSettings::get_InternalTraceLevel()
FNDA:2,System.String NUnit.VisualStudio.TestAdapter.AdapterSettings::get_InternalTraceLevel()
DA:125,2
FN:126,System.String NUnit.VisualStudio.TestAdapter.AdapterSettings::get_WorkDirectory()
FNDA:2,System.String NUnit.VisualStudio.TestAdapter.AdapterSettings::get_WorkDirectory()
DA:127,2
FN:128,System.Int32 NUnit.VisualStudio.TestAdapter.AdapterSettings::get_DefaultTimeout()
FNDA:2,System.Int32 NUnit.VisualStudio.TestAdapter.AdapterSettings::get_DefaultTimeout()
DA:129,2
FN:130,System.Int32 NUnit.VisualStudio.TestAdapter.AdapterSettings::get_NumberOfTestWorkers()
FNDA:2,System.Int32 NUnit.VisualStudio.TestAdapter.AdapterSettings::get_NumberOfTestWorkers()
DA:131,2
FN:132,System.Boolean NUnit.VisualStudio.TestAdapter.AdapterSettings::get_ShadowCopyFiles()
FNDA:2,System.Boolean NUnit.VisualStudio.TestAdapter.AdapterSettings::get_ShadowCopyFiles()
DA:133,2
FN:134,System.Int32 NUnit.VisualStudio.TestAdapter.AdapterSettings::get_Verbosity()
FNDA:30,System.Int32 NUnit.VisualStudio.TestAdapter.AdapterSettings::get_Verbosity()
DA:135,30
FN:136,System.Boolean NUnit.VisualStudio.TestAdapter.AdapterSettings::get_UseVsKeepEngineRunning()
FNDA:3,System.Boolean NUnit.VisualStudio.TestAdapter.AdapterSettings::get_UseVsKeepEngineRunning()
DA:137,3
FN:138,System.String NUnit.VisualStudio.TestAdapter.AdapterSettings::get_BasePath()
FNDA:2,System.String NUnit.VisualStudio.TestAdapter.AdapterSettings::get_BasePath()
DA:139,2
FN:140,System.String NUnit.VisualStudio.TestAdapter.AdapterSettings::get_PrivateBinPath()
FNDA:2,System.String NUnit.VisualStudio.TestAdapter.AdapterSettings::get_PrivateBinPath()
DA:141,2
FN:142,System.Nullable`1<System.Int32> NUnit.VisualStudio.TestAdapter.AdapterSettings::get_RandomSeed()
FNDA:6,System.Nullable`1<System.Int32> NUnit.VisualStudio.TestAdapter.AdapterSettings::get_RandomSeed()
DA:143,6
FN:143,System.Boolean NUnit.VisualStudio.TestAdapter.AdapterSettings::get_RandomSeedSpecified()
FNDA:3,System.Boolean NUnit.VisualStudio.TestAdapter.AdapterSettings::get_RandomSeedSpecified()
DA:144,3
FN:145,System.Boolean NUnit.VisualStudio.TestAdapter.AdapterSettings::get_InProcDataCollectorsAvailable()
FNDA:3,System.Boolean NUnit.VisualStudio.TestAdapter.AdapterSettings::get_InProcDataCollectorsAvailable()
DA:146,3
FN:147,System.Boolean NUnit.VisualStudio.TestAdapter.AdapterSettings::get_SynchronousEvents()
FNDA:1,System.Boolean NUnit.VisualStudio.TestAdapter.AdapterSettings::get_SynchronousEvents()
DA:148,1
FN:149,System.String NUnit.VisualStudio.TestAdapter.AdapterSettings::get_DomainUsage()
FNDA:1,System.String NUnit.VisualStudio.TestAdapter.AdapterSettings::get_DomainUsage()
DA:150,1
FN:152,System.Boolean NUnit.VisualStudio.TestAdapter.AdapterSettings::get_DumpXmlTestDiscovery()
FNDA:1,System.Boolean NUnit.VisualStudio.TestAdapter.AdapterSettings::get_DumpXmlTestDiscovery()
DA:153,1
FN:154,System.Boolean NUnit.VisualStudio.TestAdapter.AdapterSettings::get_DumpXmlTestResults()
FNDA:2,System.Boolean NUnit.VisualStudio.TestAdapter.AdapterSettings::get_DumpXmlTestResults()
DA:155,2
FN:159,System.String NUnit.VisualStudio.TestAdapter.AdapterSettings::get_DefaultTestNamePattern()
FNDA:2,System.String NUnit.VisualStudio.TestAdapter.AdapterSettings::get_DefaultTestNamePattern()
DA:160,2
FN:167,System.Void NUnit.VisualStudio.TestAdapter.AdapterSettings::Load(Microsoft.VisualStudio.TestPlatform.ObjectModel.Adapter.IDiscoveryContext)
FNDA:1,System.Void NUnit.VisualStudio.TestAdapter.AdapterSettings::Load(Microsoft.VisualStudio.TestPlatform.ObjectModel.Adapter.IDiscoveryContext)
DA:168,1
DA:169,0
DA:171,1
DA:172,1
BRDA:168,1,0,0
BRDA:168,1,1,1
BRDA:171,21,0,0
BRDA:171,21,1,1
BRDA:171,33,0,0
BRDA:171,33,1,1
FN:175,System.Void NUnit.VisualStudio.TestAdapter.AdapterSettings::Load(System.String)
FNDA:1,System.Void NUnit.VisualStudio.TestAdapter.AdapterSettings::Load(System.String)
DA:176,1
DA:177,0
DA:181,1
DA:182,1
DA:184,1
DA:185,1
DA:186,1
DA:188,1
DA:189,1
DA:190,1
DA:191,1
DA:192,1
DA:193,1
DA:194,1
DA:195,1
DA:196,1
DA:197,1
DA:199,1
DA:200,2
DA:202,0
DA:203,0
DA:204,0
DA:205,0
DA:209,1
DA:210,1
DA:211,1
DA:212,1
DA:213,1
DA:214,1
DA:215,1
DA:216,1
DA:217,1
DA:218,1
DA:219,1
DA:220,1
DA:221,1
DA:223,1
DA:224,1
DA:245,1
DA:246,1
DA:247,1
DA:249,0
DA:250,0
DA:251,0
DA:252,0
DA:254,0
DA:259,1
DA:261,0
DA:265,1
DA:266,1
BRDA:176,6,0,0
BRDA:176,6,1,1
BRDA:200,373,1,0
BRDA:204,345,0,0
BRDA:204,349,0,0
BRDA:204,345,1,1
BRDA:204,349,1,1
BRDA:200,373,0,1
BRDA:219,661,0,1
BRDA:219,661,1,1
BRDA:246,759,0,0
BRDA:246,759,1,1
BRDA:247,794,0,0
BRDA:252,828,0,0
BRDA:247,794,1,1
BRDA:252,828,1,1
BRDA:259,852,0,0
BRDA:259,852,1,1
FN:271,System.Void NUnit.VisualStudio.TestAdapter.AdapterSettings::SaveRandomSeed(System.String)
FNDA:0,System.Void NUnit.VisualStudio.TestAdapter.AdapterSettings::SaveRandomSeed(System.String)
DA:272,0
DA:273,0
DA:274,0
DA:275,0
DA:277,0
DA:278,0
DA:279,0
FN:282,System.Void NUnit.VisualStudio.TestAdapter.AdapterSettings::RestoreRandomSeed(System.String)
FNDA:1,System.Void NUnit.VisualStudio.TestAdapter.AdapterSettings::RestoreRandomSeed(System.String)
DA:283,1
DA:284,1
DA:285,0
DA:288,1
DA:289,1
DA:290,1
DA:291,0
DA:293,0
DA:294,0
DA:295,1
BRDA:284,18,0,0
BRDA:284,18,1,1
FN:303,System.Void NUnit.VisualStudio.TestAdapter.AdapterSettings::UpdateNumberOfTestWorkers()
FNDA:1,System.Void NUnit.VisualStudio.TestAdapter.AdapterSettings::UpdateNumberOfTestWorkers()
DA:304,1
DA:306,0
DA:307,0
DA:308,1
DA:310,0
DA:312,0
DA:314,0
DA:316,1
BRDA:304,6,0,0
BRDA:304,15,0,0
BRDA:304,6,1,1
BRDA:304,15,1,1
BRDA:308,31,0,0
BRDA:308,40,0,0
BRDA:310,54,0,0
BRDA:310,54,1,0
BRDA:308,31,1,1
BRDA:308,40,1,1
FN:319,System.String NUnit.VisualStudio.TestAdapter.AdapterSettings::GetInnerTextWithLog(System.Xml.XmlNode,System.String,System.String[])
FNDA:9,System.String NUnit.VisualStudio.TestAdapter.AdapterSettings::GetInnerTextWithLog(System.Xml.XmlNode,System.String,System.String[])
DA:320,9
FN:325,System.String NUnit.VisualStudio.TestAdapter.AdapterSettings::GetInnerText(System.Xml.XmlNode,System.String,System.Boolean,System.String[])
FNDA:22,System.String NUnit.VisualStudio.TestAdapter.AdapterSettings::GetInnerText(System.Xml.XmlNode,System.String,System.Boolean,System.String[])
DA:326,22
DA:327,22
DA:328,22
DA:330,5
DA:332,5
DA:334,0
DA:335,0
DA:336,0
DA:338,0
DA:339,0
DA:344,22
DA:345,10
DA:347,22
BRDA:327,3,0,13
BRDA:327,3,1,9
BRDA:328,17,0,5
BRDA:332,28,0,5
BRDA:332,33,0,0
BRDA:334,69,1,0
BRDA:335,56,0,0
BRDA:335,56,1,0
BRDA:334,69,0,0
BRDA:328,17,1,22
BRDA:332,28,1,22
BRDA:332,33,1,22
BRDA:344,90,0,10
BRDA:344,90,1,22
FN:351,System.Int32 NUnit.VisualStudio.TestAdapter.AdapterSettings::GetInnerTextAsInt(System.Xml.XmlNode,System.String,System.Int32)
FNDA:4,System.Int32 NUnit.VisualStudio.TestAdapter.AdapterSettings::GetInnerTextAsInt(System.Xml.XmlNode,System.String,System.Int32)
DA:352,4
DA:353,4
DA:354,4
DA:355,0
DA:356,4
DA:357,4
BRDA:354,19,0,0
BRDA:354,19,1,4
FN:361,System.Nullable`1<System.Int32> NUnit.VisualStudio.TestAdapter.AdapterSettings::GetInnerTextAsNullableInt(System.Xml.XmlNode,System.String,System.Boolean)
FNDA:5,System.Nullable`1<System.Int32> NUnit.VisualStudio.TestAdapter.AdapterSettings::GetInnerTextAsNullableInt(System.Xml.XmlNode,System.String,System.Boolean)
DA:362,5
DA:363,5
DA:364,5
DA:365,0
DA:366,5
DA:367,1
DA:368,5
BRDA:364,29,0,0
BRDA:364,29,1,5
BRDA:366,45,0,1
BRDA:366,45,1,5
FN:372,System.Boolean NUnit.VisualStudio.TestAdapter.AdapterSettings::GetInnerTextAsBool(System.Xml.XmlNode,System.String,System.Boolean)
FNDA:8,System.Boolean NUnit.VisualStudio.TestAdapter.AdapterSettings::GetInnerTextAsBool(System.Xml.XmlNode,System.String,System.Boolean)
DA:373,8
DA:374,8
DA:375,8
DA:376,2
DA:377,8
DA:378,8
BRDA:375,23,0,2
BRDA:375,23,1,8
FN:382,System.Void NUnit.VisualStudio.TestAdapter.AdapterSettings::Log(System.String,T)
FNDA:23,System.Void NUnit.VisualStudio.TestAdapter.AdapterSettings::Log(System.String,T)
DA:383,23
DA:385,0
DA:387,23
BRDA:383,7,0,0
BRDA:383,7,1,23
FN:75,System.Void NUnit.VisualStudio.TestAdapter.AdapterSettings::.ctor(NUnit.VisualStudio.TestAdapter.TestLogger)
FNDA:1,System.Void NUnit.VisualStudio.TestAdapter.AdapterSettings::.ctor(NUnit.VisualStudio.TestAdapter.TestLogger)
DA:76,1
DA:78,1
DA:79,1
LF:145
LH:109
BRF:60
BRH:34
FNF:39
FNH:38
end_of_record
SF:D:\repos\nunit\nunit3-vs-adapter\src\NUnitTestAdapter\CategoryList.cs
FN:33,System.Void NUnit.VisualStudio.TestAdapter.CategoryList::AddRange(System.Collections.Generic.IEnumerable`1<System.String>)
FNDA:24,System.Void NUnit.VisualStudio.TestAdapter.CategoryList::AddRange(System.Collections.Generic.IEnumerable`1<System.String>)
DA:34,24
DA:35,24
FN:36,System.Int32 NUnit.VisualStudio.TestAdapter.CategoryList::get_LastNodeListCount()
FNDA:33,System.Int32 NUnit.VisualStudio.TestAdapter.CategoryList::get_LastNodeListCount()
DA:37,33
FN:39,System.Collections.Generic.IEnumerable`1<System.String> NUnit.VisualStudio.TestAdapter.CategoryList::ProcessTestCaseProperties(System.Xml.XmlNode,System.Boolean,System.String,System.Collections.Generic.IDictionary`2<System.String,NUnit.VisualStudio.TestAdapter.TraitsFeature/CachedTestCaseInfo>)
FNDA:21,System.Collections.Generic.IEnumerable`1<System.String> NUnit.VisualStudio.TestAdapter.CategoryList::ProcessTestCaseProperties(System.Xml.XmlNode,System.Boolean,System.String,System.Collections.Generic.IDictionary`2<System.String,NUnit.VisualStudio.TestAdapter.TraitsFeature/CachedTestCaseInfo>)
DA:40,21
DA:41,21
DA:42,78
DA:44,18
DA:45,18
DA:46,18
DA:47,18
DA:48,18
DA:50,0
DA:51,0
DA:54,0
DA:59,21
DA:62,0
DA:63,0
DA:66,0
DA:68,0
DA:71,0
DA:74,0
DA:78,21
BRDA:42,145,1,18
BRDA:46,68,0,18
BRDA:46,68,1,18
BRDA:48,87,0,0
BRDA:50,100,0,0
BRDA:50,100,1,0
BRDA:48,87,1,39
BRDA:42,145,0,21
BRDA:59,176,0,0
BRDA:59,176,1,21
BRDA:59,193,0,1
BRDA:59,193,1,20
BRDA:59,214,0,0
BRDA:62,236,0,0
BRDA:62,236,1,0
BRDA:62,266,0,0
BRDA:62,266,1,0
BRDA:68,317,0,0
BRDA:59,214,1,21
BRDA:68,317,1,21
FN:82,System.Boolean NUnit.VisualStudio.TestAdapter.CategoryList::IsInternalProperty(System.String,System.String)
FNDA:36,System.Boolean NUnit.VisualStudio.TestAdapter.CategoryList::IsInternalProperty(System.String,System.String)
DA:83,36
DA:87,0
DA:91,36
BRDA:83,11,0,0
BRDA:83,11,1,36
BRDA:91,21,0,36
BRDA:91,32,0,0
BRDA:91,21,1,36
BRDA:91,32,1,36
FN:95,System.Void NUnit.VisualStudio.TestAdapter.CategoryList::AddTraitsToCache(System.Collections.Generic.IDictionary`2<System.String,NUnit.VisualStudio.TestAdapter.TraitsFeature/CachedTestCaseInfo>,System.String,System.String,System.String)
FNDA:36,System.Void NUnit.VisualStudio.TestAdapter.CategoryList::AddTraitsToCache(System.Collections.Generic.IDictionary`2<System.String,NUnit.VisualStudio.TestAdapter.TraitsFeature/CachedTestCaseInfo>,System.String,System.String,System.String)
DA:96,36
DA:98,0
DA:99,0
DA:100,0
BRDA:96,7,0,18
BRDA:96,7,1,0
FN:103,NUnit.VisualStudio.TestAdapter.TraitsFeature/CachedTestCaseInfo NUnit.VisualStudio.TestAdapter.CategoryList::GetCachedInfo(System.Collections.Generic.IDictionary`2<System.String,NUnit.VisualStudio.TestAdapter.TraitsFeature/CachedTestCaseInfo>,System.String)
FNDA:0,NUnit.VisualStudio.TestAdapter.TraitsFeature/CachedTestCaseInfo NUnit.VisualStudio.TestAdapter.CategoryList::GetCachedInfo(System.Collections.Generic.IDictionary`2<System.String,NUnit.VisualStudio.TestAdapter.TraitsFeature/CachedTestCaseInfo>,System.String)
DA:104,0
DA:105,0
DA:106,0
BRDA:104,9,0,0
BRDA:104,9,1,0
FN:110,System.Void NUnit.VisualStudio.TestAdapter.CategoryList::UpdateCategoriesToVs()
FNDA:9,System.Void NUnit.VisualStudio.TestAdapter.CategoryList::UpdateCategoriesToVs()
DA:111,9
DA:113,0
DA:115,9
BRDA:111,11,0,0
BRDA:111,11,1,9
FN:23,System.Void NUnit.VisualStudio.TestAdapter.CategoryList::.ctor(Microsoft.VisualStudio.TestPlatform.ObjectModel.TestCase)
FNDA:9,System.Void NUnit.VisualStudio.TestAdapter.CategoryList::.ctor(Microsoft.VisualStudio.TestPlatform.ObjectModel.TestCase)
DA:24,9
DA:27,9
DA:29,9
DA:30,9
FN:13,System.Void NUnit.VisualStudio.TestAdapter.CategoryList::.cctor()
FNDA:1,System.Void NUnit.VisualStudio.TestAdapter.CategoryList::.cctor()
DA:14,1
DA:16,1
LF:41
LH:24
BRF:32
BRH:16
FNF:9
FNH:8
end_of_record
SF:D:\repos\nunit\nunit3-vs-adapter\src\NUnitTestAdapter\NavigationData.cs
FN:40,System.String NUnit.VisualStudio.TestAdapter.NavigationData::get_FilePath()
FNDA:0,System.String NUnit.VisualStudio.TestAdapter.NavigationData::get_FilePath()
DA:41,0
FN:42,System.Int32 NUnit.VisualStudio.TestAdapter.NavigationData::get_LineNumber()
FNDA:0,System.Int32 NUnit.VisualStudio.TestAdapter.NavigationData::get_LineNumber()
DA:43,0
FN:46,System.Boolean NUnit.VisualStudio.TestAdapter.NavigationData::get_IsValid()
FNDA:0,System.Boolean NUnit.VisualStudio.TestAdapter.NavigationData::get_IsValid()
DA:47,0
FN:34,System.Void NUnit.VisualStudio.TestAdapter.NavigationData::.ctor(System.String,System.Int32)
FNDA:0,System.Void NUnit.VisualStudio.TestAdapter.NavigationData::.ctor(System.String,System.Int32)
DA:35,0
DA:37,0
DA:38,0
DA:39,0
FN:32,System.Void NUnit.VisualStudio.TestAdapter.NavigationData::.cctor()
FNDA:0,System.Void NUnit.VisualStudio.TestAdapter.NavigationData::.cctor()
DA:33,0
LF:8
LH:0
BRF:0
BRH:0
FNF:5
FNH:0
end_of_record
SF:D:\repos\nunit\nunit3-vs-adapter\src\NUnitTestAdapter\NavigationDataProvider.cs
FN:69,System.Void NUnit.VisualStudio.TestAdapter.NavigationDataProvider::Dispose()
FNDA:0,System.Void NUnit.VisualStudio.TestAdapter.NavigationDataProvider::Dispose()
DA:70,0
DA:72,0
DA:73,0
DA:74,0
BRDA:72,55,1,0
BRDA:73,38,0,0
BRDA:73,38,1,0
BRDA:72,55,0,0
FN:77,NUnit.VisualStudio.TestAdapter.NavigationData NUnit.VisualStudio.TestAdapter.NavigationDataProvider::GetNavigationData(System.String,System.String)
FNDA:0,NUnit.VisualStudio.TestAdapter.NavigationData NUnit.VisualStudio.TestAdapter.NavigationDataProvider::GetNavigationData(System.String,System.String)
DA:78,0
DA:79,0
DA:80,0
DA:81,0
BRDA:78,15,0,0
BRDA:78,56,0,0
BRDA:78,93,0,0
BRDA:78,15,1,0
BRDA:78,56,1,0
BRDA:78,93,1,0
FN:85,System.Nullable`1<NUnit.VisualStudio.TestAdapter.Metadata.TypeInfo> NUnit.VisualStudio.TestAdapter.NavigationDataProvider::DoWithBreaker(System.Func`4<System.String,System.String,System.String,System.Nullable`1<NUnit.VisualStudio.TestAdapter.Metadata.TypeInfo>>,System.String,System.String)
FNDA:0,System.Nullable`1<NUnit.VisualStudio.TestAdapter.Metadata.TypeInfo> NUnit.VisualStudio.TestAdapter.NavigationDataProvider::DoWithBreaker(System.Func`4<System.String,System.String,System.String,System.Nullable`1<NUnit.VisualStudio.TestAdapter.Metadata.TypeInfo>>,System.String,System.String)
DA:86,0
DA:90,0
DA:92,0
DA:94,0
DA:95,0
DA:96,0
DA:98,0
DA:99,0
BRDA:86,6,0,0
BRDA:86,6,1,0
FN:102,NUnit.VisualStudio.TestAdapter.NavigationData NUnit.VisualStudio.TestAdapter.NavigationDataProvider::TryGetSessionData(System.String,System.String,System.String)
FNDA:0,NUnit.VisualStudio.TestAdapter.NavigationData NUnit.VisualStudio.TestAdapter.NavigationDataProvider::TryGetSessionData(System.String,System.String,System.String)
DA:103,0
DA:107,0
DA:108,0
DA:111,0
DA:113,0
DA:114,0
DA:115,0
DA:118,0
DA:120,0
DA:121,0
BRDA:103,14,0,0
BRDA:103,14,1,0
BRDA:118,44,0,0
BRDA:118,44,1,0
BRDA:120,59,0,0
BRDA:120,59,1,0
BRDA:120,75,0,0
BRDA:120,75,1,0
FN:125,NUnit.VisualStudio.TestAdapter.NavigationData NUnit.VisualStudio.TestAdapter.NavigationDataProvider::TryGetSessionData(System.Nullable`1<NUnit.VisualStudio.TestAdapter.Metadata.TypeInfo>,System.String)
FNDA:0,NUnit.VisualStudio.TestAdapter.NavigationData NUnit.VisualStudio.TestAdapter.NavigationDataProvider::TryGetSessionData(System.Nullable`1<NUnit.VisualStudio.TestAdapter.Metadata.TypeInfo>,System.String)
DA:126,0
DA:127,0
BRDA:126,7,0,0
BRDA:126,7,1,0
FN:41,System.Void NUnit.VisualStudio.TestAdapter.NavigationDataProvider::.ctor(System.String,NUnit.VisualStudio.TestAdapter.ITestLogger)
FNDA:0,System.Void NUnit.VisualStudio.TestAdapter.NavigationDataProvider::.ctor(System.String,NUnit.VisualStudio.TestAdapter.ITestLogger)
DA:42,0
DA:47,0
FN:36,System.Void NUnit.VisualStudio.TestAdapter.NavigationDataProvider::.ctor(System.String,NUnit.VisualStudio.TestAdapter.ITestLogger,NUnit.VisualStudio.TestAdapter.Metadata.IMetadataProvider)
FNDA:0,System.Void NUnit.VisualStudio.TestAdapter.NavigationDataProvider::.ctor(System.String,NUnit.VisualStudio.TestAdapter.ITestLogger,NUnit.VisualStudio.TestAdapter.Metadata.IMetadataProvider)
DA:37,0
DA:58,0
DA:60,0
DA:61,0
DA:63,0
DA:64,0
DA:65,0
DA:66,0
BRDA:60,28,0,0
BRDA:60,28,1,0
BRDA:64,56,0,0
BRDA:64,56,1,0
BRDA:65,78,0,0
BRDA:65,78,1,0
LF:38
LH:0
BRF:28
BRH:0
FNF:7
FNH:0
end_of_record
SF:D:\repos\nunit\nunit3-vs-adapter\src\NUnitTestAdapter\NUnit3TestDiscoverer.cs
FN:57,System.Void NUnit.VisualStudio.TestAdapter.NUnit3TestDiscoverer::DiscoverTests(System.Collections.Generic.IEnumerable`1<System.String>,Microsoft.VisualStudio.TestPlatform.ObjectModel.Adapter.IDiscoveryContext,Microsoft.VisualStudio.TestPlatform.ObjectModel.Logging.IMessageLogger,Microsoft.VisualStudio.TestPlatform.ObjectModel.Adapter.ITestCaseDiscoverySink)
FNDA:0,System.Void NUnit.VisualStudio.TestAdapter.NUnit3TestDiscoverer::DiscoverTests(System.Collections.Generic.IEnumerable`1<System.String>,Microsoft.VisualStudio.TestPlatform.ObjectModel.Adapter.IDiscoveryContext,Microsoft.VisualStudio.TestPlatform.ObjectModel.Logging.IMessageLogger,Microsoft.VisualStudio.TestPlatform.ObjectModel.Adapter.ITestCaseDiscoverySink)
DA:58,0
DA:62,0
DA:65,0
DA:67,0
DA:69,0
DA:70,0
DA:71,0
DA:74,0
DA:76,0
DA:77,0
DA:78,0
DA:80,0
DA:82,0
DA:88,0
DA:90,0
DA:95,0
DA:96,0
DA:98,0
DA:101,0
DA:103,0
DA:104,0
DA:106,0
DA:110,0
DA:111,0
DA:112,0
DA:115,0
DA:116,0
DA:117,0
DA:119,0
DA:122,0
DA:123,0
DA:126,0
DA:127,0
DA:128,0
DA:132,0
DA:133,0
DA:134,0
DA:137,0
DA:138,0
DA:139,0
DA:141,0
DA:142,0
DA:144,0
DA:145,0
DA:146,0
DA:148,0
DA:149,0
DA:155,0
DA:157,0
DA:158,0
DA:160,0
DA:161,0
DA:163,0
DA:166,0
DA:168,0
DA:169,0
BRDA:67,51,0,0
BRDA:67,60,0,0
BRDA:67,51,1,0
BRDA:67,60,1,0
BRDA:74,785,1,0
BRDA:76,110,0,0
BRDA:76,110,1,0
BRDA:80,162,0,0
BRDA:80,162,1,0
BRDA:95,216,0,0
BRDA:95,216,1,0
BRDA:98,249,0,0
BRDA:110,335,0,0
BRDA:110,351,0,0
BRDA:98,249,1,0
BRDA:116,391,0,0
BRDA:116,443,0,0
BRDA:116,391,1,0
BRDA:116,443,1,0
BRDA:110,335,1,0
BRDA:110,351,1,0
BRDA:141,674,0,0
BRDA:141,674,1,0
BRDA:155,749,0,0
BRDA:157,757,0,0
BRDA:157,757,1,0
BRDA:155,749,1,0
BRDA:74,785,0,0
FN:176,System.Int32 NUnit.VisualStudio.TestAdapter.NUnit3TestDiscoverer::ProcessTestCases(System.Xml.XmlNode,Microsoft.VisualStudio.TestPlatform.ObjectModel.Adapter.ITestCaseDiscoverySink,NUnit.VisualStudio.TestAdapter.TestConverter)
FNDA:0,System.Int32 NUnit.VisualStudio.TestAdapter.NUnit3TestDiscoverer::ProcessTestCases(System.Xml.XmlNode,Microsoft.VisualStudio.TestPlatform.ObjectModel.Adapter.ITestCaseDiscoverySink,NUnit.VisualStudio.TestAdapter.TestConverter)
DA:177,0
DA:178,0
DA:186,0
DA:187,0
DA:188,0
DA:189,0
DA:190,0
DA:192,0
DA:193,0
DA:196,0
BRDA:178,98,1,0
BRDA:178,98,0,0
LF:66
LH:0
BRF:30
BRH:0
FNF:2
FNH:0
end_of_record
SF:D:\repos\nunit\nunit3-vs-adapter\src\NUnitTestAdapter\NUnit3TestExecutor.cs
FN:49,Microsoft.VisualStudio.TestPlatform.ObjectModel.Adapter.IRunContext NUnit.VisualStudio.TestAdapter.NUnit3TestExecutor::get_RunContext()
FNDA:1,Microsoft.VisualStudio.TestPlatform.ObjectModel.Adapter.IRunContext NUnit.VisualStudio.TestAdapter.NUnit3TestExecutor::get_RunContext()
DA:50,1
FN:50,Microsoft.VisualStudio.TestPlatform.ObjectModel.Adapter.IFrameworkHandle NUnit.VisualStudio.TestAdapter.NUnit3TestExecutor::get_FrameworkHandle()
FNDA:2,Microsoft.VisualStudio.TestPlatform.ObjectModel.Adapter.IFrameworkHandle NUnit.VisualStudio.TestAdapter.NUnit3TestExecutor::get_FrameworkHandle()
DA:51,2
FN:51,NUnit.VisualStudio.TestAdapter.TfsTestFilter NUnit.VisualStudio.TestAdapter.NUnit3TestExecutor::get_TfsFilter()
FNDA:4,NUnit.VisualStudio.TestAdapter.TfsTestFilter NUnit.VisualStudio.TestAdapter.NUnit3TestExecutor::get_TfsFilter()
DA:52,4
FN:78,System.Void NUnit.VisualStudio.TestAdapter.NUnit3TestExecutor::RunTests(System.Collections.Generic.IEnumerable`1<System.String>,Microsoft.VisualStudio.TestPlatform.ObjectModel.Adapter.IRunContext,Microsoft.VisualStudio.TestPlatform.ObjectModel.Adapter.IFrameworkHandle)
FNDA:1,System.Void NUnit.VisualStudio.TestAdapter.NUnit3TestExecutor::RunTests(System.Collections.Generic.IEnumerable`1<System.String>,Microsoft.VisualStudio.TestPlatform.ObjectModel.Adapter.IRunContext,Microsoft.VisualStudio.TestPlatform.ObjectModel.Adapter.IFrameworkHandle)
DA:79,1
DA:81,1
DA:83,0
DA:84,0
DA:85,0
DA:90,4
DA:94,1
DA:96,1
DA:97,1
DA:98,0
DA:100,0
DA:101,0
DA:102,0
DA:105,1
DA:106,1
DA:107,1
BRDA:81,19,0,0
BRDA:81,28,0,0
BRDA:81,19,1,1
BRDA:81,28,1,1
BRDA:90,147,1,1
BRDA:94,75,0,0
BRDA:94,75,1,1
BRDA:100,113,0,0
BRDA:100,113,1,0
BRDA:90,147,0,1
FN:120,System.Void NUnit.VisualStudio.TestAdapter.NUnit3TestExecutor::RunTests(System.Collections.Generic.IEnumerable`1<Microsoft.VisualStudio.TestPlatform.ObjectModel.TestCase>,Microsoft.VisualStudio.TestPlatform.ObjectModel.Adapter.IRunContext,Microsoft.VisualStudio.TestPlatform.ObjectModel.Adapter.IFrameworkHandle)
FNDA:0,System.Void NUnit.VisualStudio.TestAdapter.NUnit3TestExecutor::RunTests(System.Collections.Generic.IEnumerable`1<Microsoft.VisualStudio.TestPlatform.ObjectModel.TestCase>,Microsoft.VisualStudio.TestPlatform.ObjectModel.Adapter.IRunContext,Microsoft.VisualStudio.TestPlatform.ObjectModel.Adapter.IFrameworkHandle)
DA:121,0
DA:123,0
DA:124,0
DA:126,0
DA:127,0
DA:128,0
DA:131,0
DA:135,0
DA:136,0
DA:138,0
DA:139,0
DA:141,0
DA:142,0
DA:143,0
DA:145,0
DA:146,0
DA:147,0
DA:150,0
DA:151,0
DA:152,0
BRDA:123,15,0,0
BRDA:123,15,1,0
BRDA:124,57,0,0
BRDA:124,66,0,0
BRDA:124,57,1,0
BRDA:124,66,1,0
BRDA:131,210,1,0
BRDA:136,120,0,0
BRDA:136,120,1,0
BRDA:145,173,0,0
BRDA:145,173,1,0
BRDA:131,210,0,0
FN:155,System.Void NUnit.VisualStudio.TestAdapter.NUnit3TestExecutor::Microsoft.VisualStudio.TestPlatform.ObjectModel.Adapter.ITestExecutor.Cancel()
FNDA:0,System.Void NUnit.VisualStudio.TestAdapter.NUnit3TestExecutor::Microsoft.VisualStudio.TestPlatform.ObjectModel.Adapter.ITestExecutor.Cancel()
DA:156,0
DA:157,0
DA:158,0
BRDA:156,6,0,0
BRDA:156,6,1,0
FN:166,System.Void NUnit.VisualStudio.TestAdapter.NUnit3TestExecutor::Dispose()
FNDA:0,System.Void NUnit.VisualStudio.TestAdapter.NUnit3TestExecutor::Dispose()
DA:167,0
FN:174,System.Void NUnit.VisualStudio.TestAdapter.NUnit3TestExecutor::Initialize(Microsoft.VisualStudio.TestPlatform.ObjectModel.Adapter.IRunContext,Microsoft.VisualStudio.TestPlatform.ObjectModel.Adapter.IFrameworkHandle)
FNDA:1,System.Void NUnit.VisualStudio.TestAdapter.NUnit3TestExecutor::Initialize(Microsoft.VisualStudio.TestPlatform.ObjectModel.Adapter.IRunContext,Microsoft.VisualStudio.TestPlatform.ObjectModel.Adapter.IFrameworkHandle)
DA:175,1
DA:177,1
DA:179,1
DA:180,1
DA:181,1
DA:184,1
DA:186,1
DA:187,1
DA:189,1
DA:190,1
DA:192,0
DA:195,1
DA:197,1
DA:198,0
DA:201,1
DA:202,1
BRDA:190,154,0,0
BRDA:190,154,1,1
BRDA:195,177,0,1
BRDA:197,180,0,1
BRDA:197,180,1,0
BRDA:197,188,0,0
BRDA:195,177,1,1
BRDA:197,188,1,1
FN:210,System.Void NUnit.VisualStudio.TestAdapter.NUnit3TestExecutor::RunAssembly(System.String,NUnit.Engine.TestFilter)
FNDA:1,System.Void NUnit.VisualStudio.TestAdapter.NUnit3TestExecutor::RunAssembly(System.String,NUnit.Engine.TestFilter)
DA:211,1
DA:212,1
DA:213,1
DA:216,1
DA:217,1
DA:218,1
DA:219,1
DA:221,0
DA:227,1
DA:229,1
DA:233,1
DA:234,1
DA:236,1
DA:238,1
DA:240,1
DA:242,1
DA:247,20
DA:248,9
DA:251,1
DA:254,1
DA:257,0
DA:258,0
DA:261,1
DA:263,0
DA:264,0
DA:267,1
DA:271,1
DA:272,1
DA:273,0
DA:276,0
DA:277,0
DA:278,1
DA:279,1
DA:283,0
DA:284,0
DA:285,0
DA:287,0
DA:290,1
DA:291,0
DA:294,0
DA:295,0
DA:296,0
DA:299,0
DA:300,0
DA:301,0
DA:303,0
DA:304,0
DA:305,0
DA:306,0
DA:314,1
DA:315,1
DA:316,1
DA:317,0
DA:321,0
DA:322,0
DA:323,0
DA:324,1
DA:325,1
BRDA:211,5,0,1
BRDA:211,5,1,0
BRDA:212,21,0,1
BRDA:212,29,0,0
BRDA:212,21,1,1
BRDA:212,29,1,1
BRDA:216,79,0,1
BRDA:216,79,1,1
BRDA:219,111,0,0
BRDA:219,111,1,1
BRDA:233,168,0,1
BRDA:233,168,1,1
BRDA:236,198,0,1
BRDA:247,296,1,9
BRDA:247,296,0,1
BRDA:254,372,0,1
BRDA:254,385,0,0
BRDA:254,372,1,1
BRDA:254,385,1,1
BRDA:261,414,0,0
BRDA:261,414,1,1
BRDA:236,198,1,0
BRDA:284,532,0,0
BRDA:284,584,0,0
BRDA:284,532,1,0
BRDA:284,584,1,0
BRDA:303,738,0,0
BRDA:303,738,1,0
BRDA:321,805,0,0
BRDA:321,805,1,0
FN:329,NUnit.VisualStudio.TestAdapter.NUnitTestFilterBuilder NUnit.VisualStudio.TestAdapter.NUnit3TestExecutor::CreateTestFilterBuilder()
FNDA:0,NUnit.VisualStudio.TestAdapter.NUnitTestFilterBuilder NUnit.VisualStudio.TestAdapter.NUnit3TestExecutor::CreateTestFilterBuilder()
DA:330,0
LF:118
LH:57
BRF:62
BRH:26
FNF:10
FNH:6
end_of_record
SF:D:\repos\nunit\nunit3-vs-adapter\src\NUnitTestAdapter\NUnitEventListener.cs
FN:73,System.Void NUnit.VisualStudio.TestAdapter.NUnitEventListener::OnTestEvent(System.String)
FNDA:26,System.Void NUnit.VisualStudio.TestAdapter.NUnitEventListener::OnTestEvent(System.String)
DA:74,26
DA:80,26
DA:83,9
DA:84,9
DA:87,9
DA:88,9
DA:91,3
DA:92,3
DA:95,0
DA:98,26
DA:99,0
DA:101,0
DA:102,0
DA:103,0
DA:104,26
BRDA:80,25,0,17
BRDA:80,38,0,8
BRDA:80,51,0,5
BRDA:80,25,1,9
BRDA:80,38,1,9
BRDA:80,51,1,3
BRDA:80,64,1,0
BRDA:80,64,0,26
FN:112,System.Void NUnit.VisualStudio.TestAdapter.NUnitEventListener::Dispose()
FNDA:1,System.Void NUnit.VisualStudio.TestAdapter.NUnitEventListener::Dispose()
DA:113,1
DA:114,1
DA:115,1
FN:118,System.Void NUnit.VisualStudio.TestAdapter.NUnitEventListener::Dispose(System.Boolean)
FNDA:1,System.Void NUnit.VisualStudio.TestAdapter.NUnitEventListener::Dispose(System.Boolean)
DA:119,1
DA:121,1
DA:128,1
DA:129,1
BRDA:119,6,0,1
BRDA:119,6,1,1
FN:132,System.Void NUnit.VisualStudio.TestAdapter.NUnitEventListener::Finalize()
FNDA:0,System.Void NUnit.VisualStudio.TestAdapter.NUnitEventListener::Finalize()
DA:133,0
DA:134,0
FN:138,System.Void NUnit.VisualStudio.TestAdapter.NUnitEventListener::TestStarted(System.Xml.XmlNode)
FNDA:9,System.Void NUnit.VisualStudio.TestAdapter.NUnitEventListener::TestStarted(System.Xml.XmlNode)
DA:139,9
DA:142,9
DA:143,9
DA:144,9
BRDA:142,24,0,9
BRDA:142,24,1,9
FN:147,System.Void NUnit.VisualStudio.TestAdapter.NUnitEventListener::TestFinished(System.Xml.XmlNode)
FNDA:9,System.Void NUnit.VisualStudio.TestAdapter.NUnitEventListener::TestFinished(System.Xml.XmlNode)
DA:148,9
DA:149,9
DA:150,36
DA:152,9
DA:154,9
BRDA:150,88,1,9
BRDA:150,88,0,9
FN:157,System.Void NUnit.VisualStudio.TestAdapter.NUnitEventListener::SuiteFinished(System.Xml.XmlNode)
FNDA:3,System.Void NUnit.VisualStudio.TestAdapter.NUnitEventListener::SuiteFinished(System.Xml.XmlNode)
DA:158,3
DA:159,3
DA:160,3
DA:162,3
DA:164,0
DA:166,0
DA:167,0
DA:168,0
DA:170,0
DA:171,0
DA:172,0
DA:174,0
DA:175,0
DA:176,0
DA:179,3
BRDA:162,45,0,0
BRDA:164,58,0,0
BRDA:164,58,1,0
BRDA:164,71,0,0
BRDA:171,120,0,0
BRDA:171,120,1,0
BRDA:175,153,0,0
BRDA:162,45,1,3
BRDA:164,71,1,3
BRDA:175,153,1,3
FN:186,System.Void NUnit.VisualStudio.TestAdapter.NUnitEventListener::TestOutput(System.Xml.XmlNode)
FNDA:0,System.Void NUnit.VisualStudio.TestAdapter.NUnitEventListener::TestOutput(System.Xml.XmlNode)
DA:187,0
DA:188,0
DA:189,0
DA:192,0
DA:193,0
DA:196,0
DA:198,0
DA:199,0
BRDA:192,42,0,0
BRDA:192,42,1,0
BRDA:196,70,0,0
BRDA:196,70,1,0
FN:62,System.Void NUnit.VisualStudio.TestAdapter.NUnitEventListener::.ctor(Microsoft.VisualStudio.TestPlatform.ObjectModel.Adapter.ITestExecutionRecorder,NUnit.VisualStudio.TestAdapter.TestConverter,NUnit.VisualStudio.TestAdapter.Dump.IDumpXml)
FNDA:1,System.Void NUnit.VisualStudio.TestAdapter.NUnitEventListener::.ctor(Microsoft.VisualStudio.TestPlatform.ObjectModel.Adapter.ITestExecutionRecorder,NUnit.VisualStudio.TestAdapter.TestConverter,NUnit.VisualStudio.TestAdapter.Dump.IDumpXml)
DA:63,1
DA:65,1
DA:66,1
DA:67,1
DA:68,1
FN:180,System.Void NUnit.VisualStudio.TestAdapter.NUnitEventListener::.cctor()
FNDA:0,System.Void NUnit.VisualStudio.TestAdapter.NUnitEventListener::.cctor()
DA:181,0
DA:182,0
LF:63
LH:36
BRF:28
BRH:16
FNF:10
FNH:7
end_of_record
SF:D:\repos\nunit\nunit3-vs-adapter\src\NUnitTestAdapter\NUnitTestAdapter.cs
FN:80,NUnit.VisualStudio.TestAdapter.AdapterSettings NUnit.VisualStudio.TestAdapter.NUnitTestAdapter::get_Settings()
FNDA:24,NUnit.VisualStudio.TestAdapter.AdapterSettings NUnit.VisualStudio.TestAdapter.NUnitTestAdapter::get_Settings()
DA:81,24
FN:83,System.String NUnit.VisualStudio.TestAdapter.NUnitTestAdapter::get_AdapterVersion()
FNDA:3,System.String NUnit.VisualStudio.TestAdapter.NUnitTestAdapter::get_AdapterVersion()
DA:84,3
FN:85,NUnit.Engine.ITestEngine NUnit.VisualStudio.TestAdapter.NUnitTestAdapter::get_TestEngine()
FNDA:5,NUnit.Engine.ITestEngine NUnit.VisualStudio.TestAdapter.NUnitTestAdapter::get_TestEngine()
DA:86,5
FN:88,NUnit.VisualStudio.TestAdapter.TestLogger NUnit.VisualStudio.TestAdapter.NUnitTestAdapter::get_TestLog()
FNDA:12,NUnit.VisualStudio.TestAdapter.TestLogger NUnit.VisualStudio.TestAdapter.NUnitTestAdapter::get_TestLog()
DA:89,12
FN:96,System.Boolean NUnit.VisualStudio.TestAdapter.NUnitTestAdapter::get_IsRunningUnderIDE()
FNDA:0,System.Boolean NUnit.VisualStudio.TestAdapter.NUnitTestAdapter::get_IsRunningUnderIDE()
DA:97,0
DA:99,0
DA:100,0
DA:101,0
DA:105,0
DA:106,0
DA:107,0
DA:108,0
BRDA:97,5,0,0
BRDA:100,14,0,0
BRDA:97,5,1,0
BRDA:100,14,1,0
BRDA:105,32,0,0
BRDA:105,49,0,0
BRDA:105,66,0,0
BRDA:105,49,1,0
BRDA:105,66,1,0
BRDA:105,32,1,0
FN:121,System.Void NUnit.VisualStudio.TestAdapter.NUnitTestAdapter::Initialize(Microsoft.VisualStudio.TestPlatform.ObjectModel.Adapter.IDiscoveryContext,Microsoft.VisualStudio.TestPlatform.ObjectModel.Logging.IMessageLogger)
FNDA:1,System.Void NUnit.VisualStudio.TestAdapter.NUnitTestAdapter::Initialize(Microsoft.VisualStudio.TestPlatform.ObjectModel.Adapter.IDiscoveryContext,Microsoft.VisualStudio.TestPlatform.ObjectModel.Logging.IMessageLogger)
DA:122,1
DA:123,1
DA:124,1
DA:125,1
DA:126,1
DA:127,1
DA:131,1
DA:132,1
DA:133,1
DA:134,0
DA:136,0
DA:137,0
DA:138,0
DA:139,1
BRDA:123,13,0,1
BRDA:123,13,1,0
FN:142,NUnit.Engine.ITestRunner NUnit.VisualStudio.TestAdapter.NUnitTestAdapter::GetRunnerFor(System.String)
FNDA:1,NUnit.Engine.ITestRunner NUnit.VisualStudio.TestAdapter.NUnitTestAdapter::GetRunnerFor(System.String)
DA:143,1
DA:144,1
FN:148,NUnit.Engine.TestPackage NUnit.VisualStudio.TestAdapter.NUnitTestAdapter::CreateTestPackage(System.String)
FNDA:1,NUnit.Engine.TestPackage NUnit.VisualStudio.TestAdapter.NUnitTestAdapter::CreateTestPackage(System.String)
DA:149,1
DA:151,1
DA:153,0
DA:154,0
DA:157,1
DA:159,0
DA:160,0
DA:161,0
DA:164,1
DA:165,1
DA:166,0
DA:169,1
DA:171,1
DA:172,1
DA:173,0
DA:175,1
DA:176,0
DA:178,1
DA:179,0
DA:181,1
DA:182,0
DA:184,1
DA:185,1
DA:187,1
DA:188,0
DA:191,1
DA:193,1
DA:195,0
DA:196,0
DA:199,1
DA:201,1
DA:203,0
DA:204,0
DA:208,1
DA:212,1
DA:213,1
DA:214,1
DA:215,0
DA:216,0
DA:217,1
DA:218,0
DA:219,1
DA:221,1
BRDA:151,18,0,0
BRDA:151,18,1,1
BRDA:157,62,0,0
BRDA:157,62,1,1
BRDA:165,118,0,0
BRDA:165,118,1,1
BRDA:172,188,0,0
BRDA:172,188,1,1
BRDA:175,223,0,0
BRDA:175,223,1,1
BRDA:178,263,0,0
BRDA:178,263,1,1
BRDA:181,303,0,0
BRDA:181,303,1,1
BRDA:184,352,0,1
BRDA:184,352,1,1
BRDA:187,403,0,0
BRDA:187,403,1,1
BRDA:193,459,0,0
BRDA:193,459,1,1
BRDA:201,522,0,0
BRDA:201,522,1,1
BRDA:213,587,0,1
BRDA:213,587,1,0
BRDA:215,604,0,0
BRDA:215,604,1,1
BRDA:217,625,0,0
BRDA:217,625,1,1
FN:228,System.Void NUnit.VisualStudio.TestAdapter.NUnitTestAdapter::SetTestParameters(System.Collections.Generic.IDictionary`2<System.String,System.Object>,System.Collections.Generic.IDictionary`2<System.String,System.String>)
FNDA:0,System.Void NUnit.VisualStudio.TestAdapter.NUnitTestAdapter::SetTestParameters(System.Collections.Generic.IDictionary`2<System.String,System.Object>,System.Collections.Generic.IDictionary`2<System.String,System.String>)
DA:229,0
DA:231,0
DA:237,0
DA:238,0
DA:239,0
DA:241,0
DA:243,0
BRDA:231,18,0,0
BRDA:238,88,1,0
BRDA:238,88,0,0
BRDA:231,18,1,0
FN:250,System.Void NUnit.VisualStudio.TestAdapter.NUnitTestAdapter::CleanUpRegisteredChannels()
FNDA:1,System.Void NUnit.VisualStudio.TestAdapter.NUnitTestAdapter::CleanUpRegisteredChannels()
DA:251,1
FN:254,System.Void NUnit.VisualStudio.TestAdapter.NUnitTestAdapter::Unload()
FNDA:1,System.Void NUnit.VisualStudio.TestAdapter.NUnitTestAdapter::Unload()
DA:255,1
DA:257,1
DA:258,1
DA:260,1
BRDA:255,6,0,1
BRDA:255,6,1,1
FN:65,System.Void NUnit.VisualStudio.TestAdapter.NUnitTestAdapter::.ctor()
FNDA:1,System.Void NUnit.VisualStudio.TestAdapter.NUnitTestAdapter::.ctor()
DA:66,1
DA:69,1
DA:73,1
LF:86
LH:49
BRF:46
BRH:18
FNF:12
FNH:10
end_of_record
SF:D:\repos\nunit\nunit3-vs-adapter\src\NUnitTestAdapter\NUnitTestFilterBuilder.cs
FN:25,NUnit.Engine.TestFilter NUnit.VisualStudio.TestAdapter.NUnitTestFilterBuilder::ConvertTfsFilterToNUnitFilter(NUnit.VisualStudio.TestAdapter.TfsTestFilter,System.Collections.Generic.List`1<Microsoft.VisualStudio.TestPlatform.ObjectModel.TestCase>)
FNDA:0,NUnit.Engine.TestFilter NUnit.VisualStudio.TestAdapter.NUnitTestFilterBuilder::ConvertTfsFilterToNUnitFilter(NUnit.VisualStudio.TestAdapter.TfsTestFilter,System.Collections.Generic.List`1<Microsoft.VisualStudio.TestPlatform.ObjectModel.TestCase>)
DA:26,0
DA:27,0
DA:29,0
BRDA:27,15,0,0
BRDA:27,15,1,0
FN:33,NUnit.Engine.TestFilter NUnit.VisualStudio.TestAdapter.NUnitTestFilterBuilder::MakeTestFilter(System.Collections.Generic.IEnumerable`1<Microsoft.VisualStudio.TestPlatform.ObjectModel.TestCase>)
FNDA:0,NUnit.Engine.TestFilter NUnit.VisualStudio.TestAdapter.NUnitTestFilterBuilder::MakeTestFilter(System.Collections.Generic.IEnumerable`1<Microsoft.VisualStudio.TestPlatform.ObjectModel.TestCase>)
DA:34,0
DA:35,0
DA:37,0
DA:39,0
DA:40,0
DA:42,0
BRDA:34,6,0,0
BRDA:34,6,1,0
BRDA:39,60,1,0
BRDA:39,60,0,0
FN:15,System.Void NUnit.VisualStudio.TestAdapter.NUnitTestFilterBuilder::.ctor(NUnit.Engine.ITestFilterService)
FNDA:0,System.Void NUnit.VisualStudio.TestAdapter.NUnitTestFilterBuilder::.ctor(NUnit.Engine.ITestFilterService)
DA:16,0
DA:18,0
DA:19,0
DA:21,0
DA:22,0
BRDA:18,7,0,0
BRDA:18,7,1,0
FN:13,System.Void NUnit.VisualStudio.TestAdapter.NUnitTestFilterBuilder::.cctor()
FNDA:1,System.Void NUnit.VisualStudio.TestAdapter.NUnitTestFilterBuilder::.cctor()
DA:14,1
LF:15
LH:1
BRF:8
BRH:0
FNF:4
FNH:1
end_of_record
SF:D:\repos\nunit\nunit3-vs-adapter\src\NUnitTestAdapter\StackTraceFilter.cs
FN:36,System.String NUnit.VisualStudio.TestAdapter.StackTraceFilter::Filter(System.String)
FNDA:0,System.String NUnit.VisualStudio.TestAdapter.StackTraceFilter::Filter(System.String)
DA:37,0
DA:38,0
DA:39,0
DA:44,0
DA:46,0
DA:47,0
DA:49,0
DA:50,0
DA:52,0
DA:54,0
DA:55,0
BRDA:37,1,0,0
BRDA:37,1,1,0
BRDA:44,48,1,0
BRDA:46,26,0,0
BRDA:46,26,1,0
BRDA:44,48,0,0
FN:58,System.Boolean NUnit.VisualStudio.TestAdapter.StackTraceFilter::FilterLine(System.String)
FNDA:0,System.Boolean NUnit.VisualStudio.TestAdapter.StackTraceFilter::FilterLine(System.String)
DA:59,0
DA:60,0
DA:61,0
DA:62,0
DA:63,0
DA:64,0
DA:66,0
LF:18
LH:0
BRF:6
BRH:0
FNF:2
FNH:0
end_of_record
SF:D:\repos\nunit\nunit3-vs-adapter\src\NUnitTestAdapter\TestConverter.cs
FN:58,System.Void NUnit.VisualStudio.TestAdapter.TestConverter::Dispose()
FNDA:1,System.Void NUnit.VisualStudio.TestAdapter.TestConverter::Dispose()
DA:59,1
DA:60,0
BRDA:59,7,0,1
BRDA:59,7,1,0
FN:61,System.Collections.Generic.IDictionary`2<System.String,NUnit.VisualStudio.TestAdapter.TraitsFeature/CachedTestCaseInfo> NUnit.VisualStudio.TestAdapter.TestConverter::get_TraitsCache()
FNDA:9,System.Collections.Generic.IDictionary`2<System.String,NUnit.VisualStudio.TestAdapter.TraitsFeature/CachedTestCaseInfo> NUnit.VisualStudio.TestAdapter.TestConverter::get_TraitsCache()
DA:62,9
FN:71,Microsoft.VisualStudio.TestPlatform.ObjectModel.TestCase NUnit.VisualStudio.TestAdapter.TestConverter::ConvertTestCase(System.Xml.XmlNode)
FNDA:9,Microsoft.VisualStudio.TestPlatform.ObjectModel.TestCase NUnit.VisualStudio.TestAdapter.TestConverter::ConvertTestCase(System.Xml.XmlNode)
DA:72,9
DA:73,0
DA:76,9
DA:77,9
DA:78,0
DA:81,9
DA:82,9
DA:83,9
BRDA:72,1,0,9
BRDA:72,1,1,0
BRDA:72,19,0,0
BRDA:72,19,1,9
BRDA:77,61,0,0
BRDA:77,61,1,9
FN:87,Microsoft.VisualStudio.TestPlatform.ObjectModel.TestCase NUnit.VisualStudio.TestAdapter.TestConverter::GetCachedTestCase(System.String)
FNDA:27,Microsoft.VisualStudio.TestPlatform.ObjectModel.TestCase NUnit.VisualStudio.TestAdapter.TestConverter::GetCachedTestCase(System.String)
DA:88,27
DA:89,27
DA:91,0
DA:92,0
BRDA:88,12,0,27
BRDA:88,12,1,0
FN:98,NUnit.VisualStudio.TestAdapter.TestConverter/TestResultSet NUnit.VisualStudio.TestAdapter.TestConverter::GetVSTestResults(System.Xml.XmlNode)
FNDA:9,NUnit.VisualStudio.TestAdapter.TestConverter/TestResultSet NUnit.VisualStudio.TestAdapter.TestConverter::GetVSTestResults(System.Xml.XmlNode)
DA:99,9
DA:100,9
DA:101,9
DA:102,18
DA:104,0
DA:105,0
DA:107,0
DA:108,0
DA:109,0
DA:110,0
DA:114,9
DA:115,0
DA:117,9
DA:119,9
DA:120,9
DA:121,9
DA:124,9
BRDA:102,146,1,0
BRDA:105,56,0,0
BRDA:108,86,0,0
BRDA:108,86,1,0
BRDA:109,116,0,0
BRDA:109,116,1,0
BRDA:105,56,1,9
BRDA:102,146,0,9
BRDA:114,171,0,9
BRDA:114,180,0,0
BRDA:114,188,0,0
BRDA:114,197,0,0
BRDA:114,197,1,0
BRDA:114,227,0,0
BRDA:114,171,1,9
BRDA:114,180,1,9
BRDA:114,188,1,9
BRDA:114,227,1,9
BRDA:117,247,0,9
BRDA:120,260,0,9
BRDA:117,247,1,9
BRDA:120,260,1,9
FN:141,Microsoft.VisualStudio.TestPlatform.ObjectModel.TestCase NUnit.VisualStudio.TestAdapter.TestConverter::MakeTestCaseFromXmlNode(System.Xml.XmlNode)
FNDA:9,Microsoft.VisualStudio.TestPlatform.ObjectModel.TestCase NUnit.VisualStudio.TestAdapter.TestConverter::MakeTestCaseFromXmlNode(System.Xml.XmlNode)
DA:142,9
DA:143,9
DA:144,9
DA:145,9
DA:146,9
DA:147,9
DA:148,9
DA:149,9
DA:150,9
DA:152,9
DA:154,0
DA:155,0
DA:156,0
DA:157,0
DA:159,0
DA:160,0
DA:164,9
DA:166,9
BRDA:152,70,0,0
BRDA:152,78,0,0
BRDA:157,124,0,0
BRDA:152,70,1,9
BRDA:152,78,1,9
BRDA:157,124,1,9
FN:170,Microsoft.VisualStudio.TestPlatform.ObjectModel.TestResult NUnit.VisualStudio.TestAdapter.TestConverter::MakeTestResultFromLegacyXmlNode(System.Xml.XmlNode)
FNDA:9,Microsoft.VisualStudio.TestPlatform.ObjectModel.TestResult NUnit.VisualStudio.TestAdapter.TestConverter::MakeTestResultFromLegacyXmlNode(System.Xml.XmlNode)
DA:171,9
DA:172,9
DA:174,9
DA:176,9
DA:179,9
DA:181,0
DA:182,0
DA:185,9
DA:186,9
DA:189,9
BRDA:172,9,0,9
BRDA:174,26,0,9
BRDA:174,26,1,9
BRDA:176,42,0,9
BRDA:176,42,1,0
BRDA:176,59,0,0
BRDA:176,59,1,0
BRDA:179,77,0,0
BRDA:179,84,0,0
BRDA:179,77,1,9
BRDA:179,84,1,9
BRDA:186,130,0,9
BRDA:186,130,1,0
BRDA:186,147,0,0
BRDA:186,147,1,0
BRDA:172,9,1,9
FN:193,Microsoft.VisualStudio.TestPlatform.ObjectModel.TestResult NUnit.VisualStudio.TestAdapter.TestConverter::GetBasicResult(System.Xml.XmlNode)
FNDA:18,Microsoft.VisualStudio.TestPlatform.ObjectModel.TestResult NUnit.VisualStudio.TestAdapter.TestConverter::GetBasicResult(System.Xml.XmlNode)
DA:194,18
DA:195,18
DA:197,18
DA:198,18
DA:199,18
DA:200,18
DA:201,18
DA:202,18
DA:204,18
DA:205,18
DA:206,18
DA:208,18
DA:209,18
DA:210,18
DA:213,18
DA:214,16
DA:216,18
DA:218,18
DA:219,18
DA:220,0
DA:222,18
DA:223,18
DA:224,0
DA:226,18
BRDA:195,19,0,0
BRDA:195,19,1,18
BRDA:205,98,0,18
BRDA:205,98,1,18
BRDA:209,130,0,18
BRDA:209,130,1,18
BRDA:213,165,0,16
BRDA:213,174,0,0
BRDA:213,174,1,16
BRDA:213,183,0,16
BRDA:213,165,1,18
BRDA:213,183,1,18
BRDA:219,224,0,0
BRDA:219,224,1,18
BRDA:223,276,0,0
BRDA:223,276,1,18
FN:236,Microsoft.VisualStudio.TestPlatform.ObjectModel.AttachmentSet NUnit.VisualStudio.TestAdapter.TestConverter::ParseAttachments(System.Xml.XmlNode)
FNDA:18,Microsoft.VisualStudio.TestPlatform.ObjectModel.AttachmentSet NUnit.VisualStudio.TestAdapter.TestConverter::ParseAttachments(System.Xml.XmlNode)
DA:237,18
DA:239,36
DA:241,0
DA:242,0
DA:248,0
DA:249,0
DA:250,0
DA:251,0
DA:253,0
DA:254,0
DA:255,0
DA:257,0
DA:258,0
DA:261,18
BRDA:239,212,1,0
BRDA:241,66,0,0
BRDA:241,66,1,0
BRDA:241,78,0,0
BRDA:241,78,1,0
BRDA:242,98,0,0
BRDA:242,98,1,0
BRDA:239,212,0,18
FN:266,Microsoft.VisualStudio.TestPlatform.ObjectModel.TestOutcome NUnit.VisualStudio.TestAdapter.TestConverter::GetTestOutcome(System.Xml.XmlNode)
FNDA:18,Microsoft.VisualStudio.TestPlatform.ObjectModel.TestOutcome NUnit.VisualStudio.TestAdapter.TestConverter::GetTestOutcome(System.Xml.XmlNode)
DA:267,18
DA:270,18
DA:272,0
DA:274,0
DA:275,0
DA:276,0
DA:278,0
DA:280,0
BRDA:267,23,0,0
BRDA:267,36,0,0
BRDA:267,49,0,0
BRDA:267,23,1,18
BRDA:267,36,1,0
BRDA:267,49,1,0
BRDA:274,91,0,0
BRDA:274,91,1,0
BRDA:267,62,1,0
BRDA:267,62,0,0
FN:285,Microsoft.VisualStudio.TestPlatform.ObjectModel.TestOutcome NUnit.VisualStudio.TestAdapter.TestConverter::GetAssertionOutcome(System.Xml.XmlNode)
FNDA:0,Microsoft.VisualStudio.TestPlatform.ObjectModel.TestOutcome NUnit.VisualStudio.TestAdapter.TestConverter::GetAssertionOutcome(System.Xml.XmlNode)
DA:286,0
DA:289,0
DA:292,0
DA:294,0
DA:297,0
BRDA:286,23,0,0
BRDA:286,36,0,0
BRDA:286,49,0,0
BRDA:286,62,0,0
BRDA:286,23,1,0
BRDA:286,36,1,0
BRDA:286,49,1,0
BRDA:286,62,1,0
BRDA:286,75,0,0
BRDA:286,75,1,0
FN:42,System.Void NUnit.VisualStudio.TestAdapter.TestConverter::.ctor(NUnit.VisualStudio.TestAdapter.ITestLogger,System.String,System.Boolean)
FNDA:1,System.Void NUnit.VisualStudio.TestAdapter.TestConverter::.ctor(NUnit.VisualStudio.TestAdapter.ITestLogger,System.String,System.Boolean)
DA:43,1
DA:45,1
DA:46,1
DA:47,1
DA:48,1
DA:49,1
DA:51,1
DA:53,0
DA:55,1
BRDA:51,55,0,0
BRDA:51,55,1,1
FN:94,System.Void NUnit.VisualStudio.TestAdapter.TestConverter::.cctor()
FNDA:0,System.Void NUnit.VisualStudio.TestAdapter.TestConverter::.cctor()
DA:95,0
FN:128,System.Collections.Generic.IList`1<Microsoft.VisualStudio.TestPlatform.ObjectModel.TestResult> NUnit.VisualStudio.TestAdapter.TestConverter/TestResultSet::get_TestResults()
FNDA:18,System.Collections.Generic.IList`1<Microsoft.VisualStudio.TestPlatform.ObjectModel.TestResult> NUnit.VisualStudio.TestAdapter.TestConverter/TestResultSet::get_TestResults()
DA:129,18
FN:129,Microsoft.VisualStudio.TestPlatform.ObjectModel.TestResult NUnit.VisualStudio.TestAdapter.TestConverter/TestResultSet::get_TestCaseResult()
FNDA:27,Microsoft.VisualStudio.TestPlatform.ObjectModel.TestResult NUnit.VisualStudio.TestAdapter.TestConverter/TestResultSet::get_TestCaseResult()
DA:130,27
LF:123
LH:77
BRF:100
BRH:42
FNF:15
FNH:13
end_of_record
SF:D:\repos\nunit\nunit3-vs-adapter\src\NUnitTestAdapter\TestLogger.cs
FN:52,Microsoft.VisualStudio.TestPlatform.ObjectModel.Logging.IMessageLogger NUnit.VisualStudio.TestAdapter.TestLogger::get_MessageLogger()
FNDA:9,Microsoft.VisualStudio.TestPlatform.ObjectModel.Logging.IMessageLogger NUnit.VisualStudio.TestAdapter.TestLogger::get_MessageLogger()
DA:53,9
FN:54,System.Int32 NUnit.VisualStudio.TestAdapter.TestLogger::get_Verbosity()
FNDA:3,System.Int32 NUnit.VisualStudio.TestAdapter.TestLogger::get_Verbosity()
DA:55,3
FN:64,NUnit.VisualStudio.TestAdapter.TestLogger NUnit.VisualStudio.TestAdapter.TestLogger::InitSettings(NUnit.VisualStudio.TestAdapter.IAdapterSettings)
FNDA:1,NUnit.VisualStudio.TestAdapter.TestLogger NUnit.VisualStudio.TestAdapter.TestLogger::InitSettings(NUnit.VisualStudio.TestAdapter.IAdapterSettings)
DA:65,1
DA:66,1
DA:67,1
FN:73,System.Void NUnit.VisualStudio.TestAdapter.TestLogger::Error(System.String)
FNDA:0,System.Void NUnit.VisualStudio.TestAdapter.TestLogger::Error(System.String)
DA:74,0
DA:75,0
FN:78,System.Void NUnit.VisualStudio.TestAdapter.TestLogger::Error(System.String,System.Exception)
FNDA:0,System.Void NUnit.VisualStudio.TestAdapter.TestLogger::Error(System.String,System.Exception)
DA:79,0
DA:80,0
FN:87,System.Void NUnit.VisualStudio.TestAdapter.TestLogger::Warning(System.String)
FNDA:0,System.Void NUnit.VisualStudio.TestAdapter.TestLogger::Warning(System.String)
DA:88,0
DA:89,0
FN:92,System.Void NUnit.VisualStudio.TestAdapter.TestLogger::Warning(System.String,System.Exception)
FNDA:0,System.Void NUnit.VisualStudio.TestAdapter.TestLogger::Warning(System.String,System.Exception)
DA:93,0
DA:94,0
FN:101,System.Void NUnit.VisualStudio.TestAdapter.TestLogger::Info(System.String)
FNDA:4,System.Void NUnit.VisualStudio.TestAdapter.TestLogger::Info(System.String)
DA:102,4
DA:103,4
FN:110,System.Void NUnit.VisualStudio.TestAdapter.TestLogger::Debug(System.String)
FNDA:3,System.Void NUnit.VisualStudio.TestAdapter.TestLogger::Debug(System.String)
DA:111,3
DA:112,0
DA:114,3
BRDA:111,7,0,0
BRDA:111,7,1,3
BRDA:111,24,0,0
BRDA:111,24,1,3
FN:121,System.Void NUnit.VisualStudio.TestAdapter.TestLogger::SendMessage(Microsoft.VisualStudio.TestPlatform.ObjectModel.Logging.TestMessageLevel,System.String)
FNDA:4,System.Void NUnit.VisualStudio.TestAdapter.TestLogger::SendMessage(Microsoft.VisualStudio.TestPlatform.ObjectModel.Logging.TestMessageLevel,System.String)
DA:122,4
DA:123,4
DA:124,4
BRDA:122,6,0,4
BRDA:122,6,1,4
FN:127,System.Void NUnit.VisualStudio.TestAdapter.TestLogger::SendMessage(Microsoft.VisualStudio.TestPlatform.ObjectModel.Logging.TestMessageLevel,System.String,System.Exception)
FNDA:0,System.Void NUnit.VisualStudio.TestAdapter.TestLogger::SendMessage(Microsoft.VisualStudio.TestPlatform.ObjectModel.Logging.TestMessageLevel,System.String,System.Exception)
DA:128,0
DA:131,0
DA:132,0
DA:133,0
DA:134,0
DA:135,0
DA:137,0
DA:139,0
DA:142,0
DA:143,0
DA:144,0
DA:147,0
BRDA:128,8,0,0
BRDA:135,68,0,0
BRDA:128,8,1,0
BRDA:135,68,1,0
FN:56,System.Void NUnit.VisualStudio.TestAdapter.TestLogger::.ctor(Microsoft.VisualStudio.TestPlatform.ObjectModel.Logging.IMessageLogger)
FNDA:1,System.Void NUnit.VisualStudio.TestAdapter.TestLogger::.ctor(Microsoft.VisualStudio.TestPlatform.ObjectModel.Logging.IMessageLogger)
DA:57,1
DA:60,1
DA:61,1
LF:36
LH:15
BRF:10
BRH:4
FNF:12
FNH:7
end_of_record
SF:D:\repos\nunit\nunit3-vs-adapter\src\NUnitTestAdapter\TfsTestFilter.cs
FN:94,Microsoft.VisualStudio.TestPlatform.ObjectModel.Adapter.ITestCaseFilterExpression NUnit.VisualStudio.TestAdapter.TfsTestFilter::get_TfsTestCaseFilterExpression()
FNDA:2,Microsoft.VisualStudio.TestPlatform.ObjectModel.Adapter.ITestCaseFilterExpression NUnit.VisualStudio.TestAdapter.TfsTestFilter::get_TfsTestCaseFilterExpression()
DA:95,2
DA:96,2
BRDA:95,7,0,2
BRDA:95,7,1,2
FN:101,System.Boolean NUnit.VisualStudio.TestAdapter.TfsTestFilter::get_IsEmpty()
FNDA:2,System.Boolean NUnit.VisualStudio.TestAdapter.TfsTestFilter::get_IsEmpty()
DA:102,2
BRDA:102,6,0,0
BRDA:102,6,1,2
FN:106,System.Collections.Generic.IEnumerable`1<Microsoft.VisualStudio.TestPlatform.ObjectModel.TestCase> NUnit.VisualStudio.TestAdapter.TfsTestFilter::CheckFilter(System.Collections.Generic.IEnumerable`1<Microsoft.VisualStudio.TestPlatform.ObjectModel.TestCase>)
FNDA:0,System.Collections.Generic.IEnumerable`1<Microsoft.VisualStudio.TestPlatform.ObjectModel.TestCase> NUnit.VisualStudio.TestAdapter.TfsTestFilter::CheckFilter(System.Collections.Generic.IEnumerable`1<Microsoft.VisualStudio.TestPlatform.ObjectModel.TestCase>)
DA:107,0
FN:111,System.Boolean NUnit.VisualStudio.TestAdapter.TfsTestFilter::CheckFilter(Microsoft.VisualStudio.TestPlatform.ObjectModel.TestCase)
FNDA:0,System.Boolean NUnit.VisualStudio.TestAdapter.TfsTestFilter::CheckFilter(Microsoft.VisualStudio.TestPlatform.ObjectModel.TestCase)
DA:112,0
DA:114,0
BRDA:114,30,0,0
BRDA:114,39,0,0
BRDA:114,39,1,0
BRDA:114,30,1,0
FN:123,System.Object NUnit.VisualStudio.TestAdapter.TfsTestFilter::PropertyValueProvider(Microsoft.VisualStudio.TestPlatform.ObjectModel.TestCase,System.String)
FNDA:0,System.Object NUnit.VisualStudio.TestAdapter.TfsTestFilter::PropertyValueProvider(Microsoft.VisualStudio.TestPlatform.ObjectModel.TestCase,System.String)
DA:124,0
DA:125,0
DA:130,0
DA:132,0
DA:136,0
DA:137,0
DA:139,0
DA:140,0
DA:141,0
DA:142,0
DA:143,0
DA:145,0
BRDA:125,8,0,0
BRDA:130,22,0,0
BRDA:125,8,1,0
BRDA:130,22,1,0
BRDA:137,40,0,0
BRDA:140,62,0,0
BRDA:140,62,1,0
BRDA:141,70,0,0
BRDA:141,70,1,0
BRDA:137,40,1,0
FN:157,System.Func`3<Microsoft.VisualStudio.TestPlatform.ObjectModel.TestCase,System.String,System.String[]> NUnit.VisualStudio.TestAdapter.TfsTestFilter::TraitContains()
FNDA:1,System.Func`3<Microsoft.VisualStudio.TestPlatform.ObjectModel.TestCase,System.String,System.String[]> NUnit.VisualStudio.TestAdapter.TfsTestFilter::TraitContains()
DA:158,1
DA:159,1
DA:160,1
DA:161,1
DA:162,1
DA:163,1
DA:164,1
DA:165,1
DA:166,1
BRDA:158,6,0,1
BRDA:158,6,1,1
FN:174,Microsoft.VisualStudio.TestPlatform.ObjectModel.TestProperty NUnit.VisualStudio.TestAdapter.TfsTestFilter::LocalPropertyProvider(System.String)
FNDA:0,Microsoft.VisualStudio.TestPlatform.ObjectModel.TestProperty NUnit.VisualStudio.TestAdapter.TfsTestFilter::LocalPropertyProvider(System.String)
DA:175,0
DA:176,0
FN:180,Microsoft.VisualStudio.TestPlatform.ObjectModel.TestProperty NUnit.VisualStudio.TestAdapter.TfsTestFilter::PropertyProvider(System.String)
FNDA:0,Microsoft.VisualStudio.TestPlatform.ObjectModel.TestProperty NUnit.VisualStudio.TestAdapter.TfsTestFilter::PropertyProvider(System.String)
DA:181,0
DA:182,0
DA:184,0
DA:186,0
DA:187,0
DA:190,0
DA:192,0
DA:195,0
BRDA:182,8,0,0
BRDA:182,8,1,0
BRDA:187,20,0,0
BRDA:190,35,0,0
BRDA:187,20,1,0
BRDA:190,35,1,0
FN:200,NUnit.VisualStudio.TestAdapter.NTrait NUnit.VisualStudio.TestAdapter.TfsTestFilter::TraitProvider(System.String)
FNDA:0,NUnit.VisualStudio.TestAdapter.NTrait NUnit.VisualStudio.TestAdapter.TfsTestFilter::TraitProvider(System.String)
DA:201,0
DA:202,0
FN:58,System.Void NUnit.VisualStudio.TestAdapter.TfsTestFilter::.cctor()
FNDA:1,System.Void NUnit.VisualStudio.TestAdapter.TfsTestFilter::.cctor()
DA:59,1
DA:60,1
DA:61,1
DA:62,1
DA:64,1
DA:65,1
DA:66,1
DA:67,1
DA:68,1
DA:70,1
DA:71,1
DA:72,1
DA:73,1
DA:74,1
DA:75,1
DA:76,1
DA:78,1
DA:79,1
DA:80,1
DA:81,1
DA:148,1
BRDA:71,190,0,1
BRDA:71,190,1,1
BRDA:74,252,0,1
BRDA:74,252,1,1
FN:83,System.Void NUnit.VisualStudio.TestAdapter.TfsTestFilter::.ctor(Microsoft.VisualStudio.TestPlatform.ObjectModel.Adapter.IRunContext)
FNDA:1,System.Void NUnit.VisualStudio.TestAdapter.TfsTestFilter::.ctor(Microsoft.VisualStudio.TestPlatform.ObjectModel.Adapter.IRunContext)
DA:84,1
DA:86,1
DA:87,1
FN:213,System.Boolean NUnit.VisualStudio.TestAdapter.NTraitNameComparer::Equals(NUnit.VisualStudio.TestAdapter.NTrait,NUnit.VisualStudio.TestAdapter.NTrait)
FNDA:0,System.Boolean NUnit.VisualStudio.TestAdapter.NTraitNameComparer::Equals(NUnit.VisualStudio.TestAdapter.NTrait,NUnit.VisualStudio.TestAdapter.NTrait)
DA:214,0
FN:218,System.Int32 NUnit.VisualStudio.TestAdapter.NTraitNameComparer::GetHashCode(NUnit.VisualStudio.TestAdapter.NTrait)
FNDA:2,System.Int32 NUnit.VisualStudio.TestAdapter.NTraitNameComparer::GetHashCode(NUnit.VisualStudio.TestAdapter.NTrait)
DA:219,2
LF:65
LH:37
BRF:36
BRH:9
FNF:13
FNH:6
end_of_record
SF:D:\repos\nunit\nunit3-vs-adapter\src\NUnitTestAdapter\TraitsFeature.cs
FN:34,System.Void NUnit.VisualStudio.TestAdapter.TraitsFeature::AddTrait(Microsoft.VisualStudio.TestPlatform.ObjectModel.TestCase,System.String,System.String)
FNDA:0,System.Void NUnit.VisualStudio.TestAdapter.TraitsFeature::AddTrait(Microsoft.VisualStudio.TestPlatform.ObjectModel.TestCase,System.String,System.String)
DA:35,0
DA:36,0
BRDA:35,1,0,0
BRDA:35,1,1,0
FN:64,System.Void NUnit.VisualStudio.TestAdapter.TraitsFeature::AddTraitsFromTestNode(Microsoft.VisualStudio.TestPlatform.ObjectModel.TestCase,System.Xml.XmlNode,System.Collections.Generic.IDictionary`2<System.String,NUnit.VisualStudio.TestAdapter.TraitsFeature/CachedTestCaseInfo>,NUnit.VisualStudio.TestAdapter.ITestLogger)
FNDA:9,System.Void NUnit.VisualStudio.TestAdapter.TraitsFeature::AddTraitsFromTestNode(Microsoft.VisualStudio.TestPlatform.ObjectModel.TestCase,System.Xml.XmlNode,System.Collections.Generic.IDictionary`2<System.String,NUnit.VisualStudio.TestAdapter.TraitsFeature/CachedTestCaseInfo>,NUnit.VisualStudio.TestAdapter.ITestLogger)
DA:65,9
DA:66,9
DA:67,9
DA:69,45
DA:71,36
DA:73,24
DA:75,24
DA:76,0
DA:78,24
DA:79,24
DA:80,0
DA:81,0
DA:84,12
DA:86,12
DA:88,3
DA:91,36
DA:92,36
DA:96,9
DA:97,9
DA:98,9
BRDA:66,14,0,0
BRDA:66,14,1,9
BRDA:66,31,0,0
BRDA:66,31,1,9
BRDA:69,358,1,36
BRDA:71,62,0,24
BRDA:73,86,0,1
BRDA:73,86,1,24
BRDA:73,122,0,1
BRDA:73,122,1,24
BRDA:75,174,0,0
BRDA:75,174,1,24
BRDA:78,206,0,1
BRDA:78,206,1,24
BRDA:79,249,0,0
BRDA:71,62,1,12
BRDA:86,282,0,3
BRDA:86,291,0,3
BRDA:79,249,1,36
BRDA:86,282,1,36
BRDA:86,291,1,36
BRDA:92,313,0,0
BRDA:92,313,1,36
BRDA:92,325,0,9
BRDA:92,325,1,27
BRDA:92,342,0,0
BRDA:92,342,1,27
BRDA:69,355,0,45
BRDA:69,355,1,9
BRDA:69,358,0,9
FN:102,System.Collections.Generic.IEnumerable`1<NUnit.VisualStudio.TestAdapter.NTrait> NUnit.VisualStudio.TestAdapter.TraitsFeature::GetTraits(Microsoft.VisualStudio.TestPlatform.ObjectModel.TestCase)
FNDA:0,System.Collections.Generic.IEnumerable`1<NUnit.VisualStudio.TestAdapter.NTrait> NUnit.VisualStudio.TestAdapter.TraitsFeature::GetTraits(Microsoft.VisualStudio.TestPlatform.ObjectModel.TestCase)
DA:103,0
DA:105,0
DA:107,0
DA:109,0
BRDA:105,7,0,0
BRDA:105,7,1,0
BRDA:105,18,0,0
BRDA:107,33,0,0
BRDA:107,33,1,0
BRDA:107,69,0,0
BRDA:107,69,1,0
BRDA:107,105,0,0
BRDA:107,105,1,0
BRDA:105,18,1,0
FN:113,System.Collections.Generic.IEnumerable`1<System.String> NUnit.VisualStudio.TestAdapter.TraitsFeature::GetCategories(Microsoft.VisualStudio.TestPlatform.ObjectModel.TestCase)
FNDA:0,System.Collections.Generic.IEnumerable`1<System.String> NUnit.VisualStudio.TestAdapter.TraitsFeature::GetCategories(Microsoft.VisualStudio.TestPlatform.ObjectModel.TestCase)
DA:114,0
DA:115,0
FN:50,System.Collections.Generic.List`1<Microsoft.VisualStudio.TestPlatform.ObjectModel.Trait> NUnit.VisualStudio.TestAdapter.TraitsFeature/CachedTestCaseInfo::get_Traits()
FNDA:51,System.Collections.Generic.List`1<Microsoft.VisualStudio.TestPlatform.ObjectModel.Trait> NUnit.VisualStudio.TestAdapter.TraitsFeature/CachedTestCaseInfo::get_Traits()
DA:51,51
FN:55,System.Boolean NUnit.VisualStudio.TestAdapter.TraitsFeature/CachedTestCaseInfo::get_Explicit()
FNDA:24,System.Boolean NUnit.VisualStudio.TestAdapter.TraitsFeature/CachedTestCaseInfo::get_Explicit()
DA:56,24
FN:120,System.String NUnit.VisualStudio.TestAdapter.NTrait::get_Name()
FNDA:2,System.String NUnit.VisualStudio.TestAdapter.NTrait::get_Name()
DA:121,2
FN:121,System.String NUnit.VisualStudio.TestAdapter.NTrait::get_Value()
FNDA:0,System.String NUnit.VisualStudio.TestAdapter.NTrait::get_Value()
DA:122,0
FN:123,System.Void NUnit.VisualStudio.TestAdapter.NTrait::.ctor(System.String,System.String)
FNDA:2,System.Void NUnit.VisualStudio.TestAdapter.NTrait::.ctor(System.String,System.String)
DA:124,2
DA:126,2
DA:127,2
DA:128,2
LF:36
LH:24
BRF:42
BRH:24
FNF:9
FNH:5
end_of_record
SF:D:\repos\nunit\nunit3-vs-adapter\src\NUnitTestAdapter\XmlHelper.cs
FN:42,System.Xml.XmlNode NUnit.VisualStudio.TestAdapter.XmlHelper::CreateTopLevelElement(System.String)
FNDA:0,System.Xml.XmlNode NUnit.VisualStudio.TestAdapter.XmlHelper::CreateTopLevelElement(System.String)
DA:43,0
DA:44,0
DA:45,0
FN:49,System.Xml.XmlNode NUnit.VisualStudio.TestAdapter.XmlHelper::CreateXmlNode(System.String)
FNDA:26,System.Xml.XmlNode NUnit.VisualStudio.TestAdapter.XmlHelper::CreateXmlNode(System.String)
DA:50,26
DA:51,26
DA:52,26
FN:56,System.Xml.XmlNode NUnit.VisualStudio.TestAdapter.XmlHelper::ToXml(System.String)
FNDA:0,System.Xml.XmlNode NUnit.VisualStudio.TestAdapter.XmlHelper::ToXml(System.String)
DA:57,0
DA:58,0
DA:59,0
DA:60,0
DA:61,0
FN:71,System.Void NUnit.VisualStudio.TestAdapter.XmlHelper::AddAttribute(System.Xml.XmlNode,System.String,System.String)
FNDA:0,System.Void NUnit.VisualStudio.TestAdapter.XmlHelper::AddAttribute(System.Xml.XmlNode,System.String,System.String)
DA:72,0
DA:73,0
DA:74,0
DA:75,0
FN:84,System.Xml.XmlNode NUnit.VisualStudio.TestAdapter.XmlHelper::AddElement(System.Xml.XmlNode,System.String)
FNDA:0,System.Xml.XmlNode NUnit.VisualStudio.TestAdapter.XmlHelper::AddElement(System.Xml.XmlNode,System.String)
DA:85,0
DA:86,0
DA:87,0
FN:99,System.Xml.XmlNode NUnit.VisualStudio.TestAdapter.XmlHelper::AddElementWithCDataSection(System.Xml.XmlNode,System.String,System.String)
FNDA:0,System.Xml.XmlNode NUnit.VisualStudio.TestAdapter.XmlHelper::AddElementWithCDataSection(System.Xml.XmlNode,System.String,System.String)
DA:100,0
DA:101,0
DA:102,0
FN:114,System.String NUnit.VisualStudio.TestAdapter.XmlHelper::GetAttribute(System.Xml.XmlNode,System.String)
FNDA:154,System.String NUnit.VisualStudio.TestAdapter.XmlHelper::GetAttribute(System.Xml.XmlNode,System.String)
DA:115,154
DA:117,154
BRDA:117,14,0,148
BRDA:117,14,1,6
FN:128,System.Int32 NUnit.VisualStudio.TestAdapter.XmlHelper::GetAttribute(System.Xml.XmlNode,System.String,System.Int32)
FNDA:0,System.Int32 NUnit.VisualStudio.TestAdapter.XmlHelper::GetAttribute(System.Xml.XmlNode,System.String,System.Int32)
DA:129,0
DA:131,0
DA:132,0
DA:133,0
BRDA:131,14,0,0
BRDA:131,14,1,0
FN:144,System.Double NUnit.VisualStudio.TestAdapter.XmlHelper::GetAttribute(System.Xml.XmlNode,System.String,System.Double)
FNDA:18,System.Double NUnit.VisualStudio.TestAdapter.XmlHelper::GetAttribute(System.Xml.XmlNode,System.String,System.Double)
DA:145,18
DA:147,18
DA:148,18
DA:149,18
BRDA:147,14,0,18
BRDA:147,14,1,0
FN:160,System.DateTime NUnit.VisualStudio.TestAdapter.XmlHelper::GetAttribute(System.Xml.XmlNode,System.String,System.DateTime)
FNDA:0,System.DateTime NUnit.VisualStudio.TestAdapter.XmlHelper::GetAttribute(System.Xml.XmlNode,System.String,System.DateTime)
DA:161,0
DA:162,0
DA:163,0
DA:166,0
DA:167,0
DA:169,0
BRDA:162,9,0,0
BRDA:162,9,1,0
BRDA:166,28,0,0
BRDA:166,28,1,0
LF:37
LH:9
BRF:10
BRH:3
FNF:10
FNH:3
end_of_record
SF:D:\repos\nunit\nunit3-vs-adapter\src\NUnitTestAdapter\Metadata\DirectReflectionMetadataProvider.cs
FN:39,System.Nullable`1<NUnit.VisualStudio.TestAdapter.Metadata.TypeInfo> NUnit.VisualStudio.TestAdapter.Metadata.DirectReflectionMetadataProvider::GetDeclaringType(System.String,System.String,System.String)
FNDA:0,System.Nullable`1<NUnit.VisualStudio.TestAdapter.Metadata.TypeInfo> NUnit.VisualStudio.TestAdapter.Metadata.DirectReflectionMetadataProvider::GetDeclaringType(System.String,System.String,System.String)
DA:40,0
DA:41,0
DA:46,0
DA:49,0
DA:52,0
BRDA:40,9,0,0
BRDA:40,9,1,0
BRDA:41,22,0,0
BRDA:41,22,1,0
BRDA:46,40,0,0
BRDA:46,40,1,0
FN:56,System.Nullable`1<NUnit.VisualStudio.TestAdapter.Metadata.TypeInfo> NUnit.VisualStudio.TestAdapter.Metadata.DirectReflectionMetadataProvider::GetStateMachineType(System.String,System.String,System.String)
FNDA:0,System.Nullable`1<NUnit.VisualStudio.TestAdapter.Metadata.TypeInfo> NUnit.VisualStudio.TestAdapter.Metadata.DirectReflectionMetadataProvider::GetStateMachineType(System.String,System.String,System.String)
DA:57,0
DA:58,0
DA:60,0
DA:62,0
DA:64,0
DA:66,0
DA:68,0
DA:69,0
DA:71,0
DA:72,0
DA:73,0
DA:75,0
DA:76,0
DA:82,0
DA:83,0
DA:84,0
BRDA:58,10,0,0
BRDA:58,10,1,0
BRDA:62,221,1,0
BRDA:64,210,1,0
BRDA:66,85,0,0
BRDA:69,192,1,0
BRDA:71,126,0,0
BRDA:73,160,0,0
BRDA:75,163,0,0
BRDA:75,163,1,0
BRDA:71,126,1,0
BRDA:73,160,1,0
BRDA:66,85,1,0
BRDA:69,192,0,0
BRDA:64,210,0,0
BRDA:62,221,0,0
BRDA:82,239,0,0
BRDA:82,239,1,0
FN:90,System.Reflection.MethodInfo NUnit.VisualStudio.TestAdapter.Metadata.DirectReflectionMetadataProvider::TryGetSingleMethod(System.String,System.String,System.String)
FNDA:0,System.Reflection.MethodInfo NUnit.VisualStudio.TestAdapter.Metadata.DirectReflectionMetadataProvider::TryGetSingleMethod(System.String,System.String,System.String)
DA:91,0
DA:96,0
DA:97,0
DA:99,0
DA:100,0
DA:102,0
DA:104,0
DA:106,0
BRDA:97,33,0,0
BRDA:97,33,1,0
BRDA:100,81,0,0
BRDA:100,81,1,0
FN:109,System.Void NUnit.VisualStudio.TestAdapter.Metadata.DirectReflectionMetadataProvider::System.IDisposable.Dispose()
FNDA:0,System.Void NUnit.VisualStudio.TestAdapter.Metadata.DirectReflectionMetadataProvider::System.IDisposable.Dispose()
DA:110,0
LF:30
LH:0
BRF:28
BRH:0
FNF:4
FNH:0
end_of_record
SF:D:\repos\nunit\nunit3-vs-adapter\src\NUnitTestAdapter\Metadata\TypeInfo.cs
FN:46,System.String NUnit.VisualStudio.TestAdapter.Metadata.TypeInfo::get_AssemblyPath()
FNDA:0,System.String NUnit.VisualStudio.TestAdapter.Metadata.TypeInfo::get_AssemblyPath()
DA:47,0
FN:47,System.String NUnit.VisualStudio.TestAdapter.Metadata.TypeInfo::get_FullName()
FNDA:0,System.String NUnit.VisualStudio.TestAdapter.Metadata.TypeInfo::get_FullName()
DA:48,0
FN:36,System.Void NUnit.VisualStudio.TestAdapter.Metadata.TypeInfo::.ctor(System.Type)
FNDA:0,System.Void NUnit.VisualStudio.TestAdapter.Metadata.TypeInfo::.ctor(System.Type)
DA:37,0
DA:38,0
DA:39,0
FN:42,System.Void NUnit.VisualStudio.TestAdapter.Metadata.TypeInfo::.ctor(System.String,System.String)
FNDA:0,System.Void NUnit.VisualStudio.TestAdapter.Metadata.TypeInfo::.ctor(System.String,System.String)
DA:43,0
DA:44,0
DA:45,0
LF:8
LH:0
BRF:0
BRH:0
FNF:4
FNH:0
end_of_record
SF:D:\repos\nunit\nunit3-vs-adapter\src\NUnitTestAdapter\Internal\Stackframe.cs
FN:27,System.String NUnit.VisualStudio.TestAdapter.Internal.StackFrame::get_FileName()
FNDA:0,System.String NUnit.VisualStudio.TestAdapter.Internal.StackFrame::get_FileName()
DA:28,0
FN:29,System.Int32 NUnit.VisualStudio.TestAdapter.Internal.StackFrame::get_LineNumber()
FNDA:0,System.Int32 NUnit.VisualStudio.TestAdapter.Internal.StackFrame::get_LineNumber()
DA:30,0
FN:31,System.String NUnit.VisualStudio.TestAdapter.Internal.StackFrame::get_MethodName()
FNDA:0,System.String NUnit.VisualStudio.TestAdapter.Internal.StackFrame::get_MethodName()
DA:32,0
FN:16,System.Void NUnit.VisualStudio.TestAdapter.Internal.StackFrame::.ctor(System.String)
FNDA:0,System.Void NUnit.VisualStudio.TestAdapter.Internal.StackFrame::.ctor(System.String)
DA:17,0
DA:19,0
FN:20,System.Void NUnit.VisualStudio.TestAdapter.Internal.StackFrame::.ctor(System.String,System.String,System.Int32)
FNDA:0,System.Void NUnit.VisualStudio.TestAdapter.Internal.StackFrame::.ctor(System.String,System.String,System.Int32)
DA:21,0
DA:23,0
DA:24,0
DA:25,0
DA:26,0
LF:10
LH:0
BRF:0
BRH:0
FNF:5
FNH:0
end_of_record
SF:D:\repos\nunit\nunit3-vs-adapter\src\NUnitTestAdapter\Internal\StackframeParser.cs
FN:22,NUnit.VisualStudio.TestAdapter.Internal.StackFrameParser NUnit.VisualStudio.TestAdapter.Internal.StackFrameParser::CreateStackFrameParser()
FNDA:0,NUnit.VisualStudio.TestAdapter.Internal.StackFrameParser NUnit.VisualStudio.TestAdapter.Internal.StackFrameParser::CreateStackFrameParser()
DA:23,0
DA:24,0
DA:36,0
BRDA:36,4,0,0
BRDA:36,4,1,0
BRDA:36,14,0,0
BRDA:36,14,1,0
FN:51,NUnit.VisualStudio.TestAdapter.Internal.StackFrame NUnit.VisualStudio.TestAdapter.Internal.StackFrameParser::GetStackFrame(System.String)
FNDA:0,NUnit.VisualStudio.TestAdapter.Internal.StackFrame NUnit.VisualStudio.TestAdapter.Internal.StackFrameParser::GetStackFrame(System.String)
DA:52,0
DA:54,0
DA:55,0
DA:57,0
DA:58,0
DA:61,0
DA:63,0
DA:66,0
DA:69,0
DA:70,0
DA:72,0
DA:73,0
DA:76,0
BRDA:55,31,0,0
BRDA:61,104,0,0
BRDA:61,104,1,0
BRDA:55,31,1,0
BRDA:70,135,0,0
BRDA:70,135,1,0
FN:38,System.Void NUnit.VisualStudio.TestAdapter.Internal.StackFrameParser::.ctor(System.String,System.String)
FNDA:0,System.Void NUnit.VisualStudio.TestAdapter.Internal.StackFrameParser::.ctor(System.String,System.String)
DA:39,0
DA:41,0
DA:42,0
DA:44,0
DA:46,0
DA:47,0
DA:48,0
LF:23
LH:0
BRF:10
BRH:0
FNF:3
FNH:0
end_of_record
SF:D:\repos\nunit\nunit3-vs-adapter\src\NUnitTestAdapter\Internal\Stacktrace.cs
FN:33,System.Collections.ObjectModel.ReadOnlyCollection`1<NUnit.VisualStudio.TestAdapter.Internal.StackFrame> NUnit.VisualStudio.TestAdapter.Internal.Stacktrace::get_StackFrames()
FNDA:0,System.Collections.ObjectModel.ReadOnlyCollection`1<NUnit.VisualStudio.TestAdapter.Internal.StackFrame> NUnit.VisualStudio.TestAdapter.Internal.Stacktrace::get_StackFrames()
DA:34,0
FN:38,NUnit.VisualStudio.TestAdapter.Internal.StackFrame NUnit.VisualStudio.TestAdapter.Internal.Stacktrace::GetTopStackFrame()
FNDA:0,NUnit.VisualStudio.TestAdapter.Internal.StackFrame NUnit.VisualStudio.TestAdapter.Internal.Stacktrace::GetTopStackFrame()
DA:39,0
BRDA:39,12,0,0
BRDA:39,12,1,0
FN:19,System.Void NUnit.VisualStudio.TestAdapter.Internal.Stacktrace::.ctor(System.String)
FNDA:0,System.Void NUnit.VisualStudio.TestAdapter.Internal.Stacktrace::.ctor(System.String)
DA:20,0
DA:22,0
DA:24,0
DA:26,0
DA:28,0
DA:29,0
BRDA:28,71,0,0
BRDA:28,71,1,0
LF:8
LH:0
BRF:4
BRH:0
FNF:3
FNH:0
end_of_record
SF:D:\repos\nunit\nunit3-vs-adapter\src\NUnitTestAdapter\DumpXml.cs
FN:20,System.Void NUnit.VisualStudio.TestAdapter.Dump.File::WriteAllText(System.String,System.String)
FNDA:0,System.Void NUnit.VisualStudio.TestAdapter.Dump.File::WriteAllText(System.String,System.String)
DA:21,0
DA:22,0
FN:25,System.Boolean NUnit.VisualStudio.TestAdapter.Dump.File::DirectoryExist(System.String)
FNDA:0,System.Boolean NUnit.VisualStudio.TestAdapter.Dump.File::DirectoryExist(System.String)
DA:26,0
FN:30,System.Void NUnit.VisualStudio.TestAdapter.Dump.File::CreateDirectory(System.String)
FNDA:0,System.Void NUnit.VisualStudio.TestAdapter.Dump.File::CreateDirectory(System.String)
DA:31,0
DA:32,0
FN:63,System.Void NUnit.VisualStudio.TestAdapter.Dump.DumpXml::Dump2File(System.String)
FNDA:0,System.Void NUnit.VisualStudio.TestAdapter.Dump.DumpXml::Dump2File(System.String)
DA:64,0
DA:65,0
DA:66,0
DA:67,0
DA:68,0
FN:71,System.Void NUnit.VisualStudio.TestAdapter.Dump.DumpXml::EnsurePathExist(System.String)
FNDA:0,System.Void NUnit.VisualStudio.TestAdapter.Dump.DumpXml::EnsurePathExist(System.String)
DA:72,0
DA:73,0
DA:74,0
DA:75,0
BRDA:73,19,0,0
BRDA:73,19,1,0
FN:78,System.Void NUnit.VisualStudio.TestAdapter.Dump.DumpXml::Dump4Discovery()
FNDA:0,System.Void NUnit.VisualStudio.TestAdapter.Dump.DumpXml::Dump4Discovery()
DA:79,0
DA:80,0
DA:81,0
DA:82,0
FN:85,System.Void NUnit.VisualStudio.TestAdapter.Dump.DumpXml::Dump4Execution()
FNDA:0,System.Void NUnit.VisualStudio.TestAdapter.Dump.DumpXml::Dump4Execution()
DA:86,0
DA:87,0
DA:88,0
DA:89,0
FN:92,System.String NUnit.VisualStudio.TestAdapter.Dump.DumpXml::RandomName()
FNDA:0,System.String NUnit.VisualStudio.TestAdapter.Dump.DumpXml::RandomName()
DA:93,0
DA:94,0
DA:95,0
DA:96,0
FN:100,System.Void NUnit.VisualStudio.TestAdapter.Dump.DumpXml::AddTestEvent(System.String)
FNDA:0,System.Void NUnit.VisualStudio.TestAdapter.Dump.DumpXml::AddTestEvent(System.String)
DA:101,0
DA:102,0
DA:103,0
DA:104,0
FN:111,System.Void NUnit.VisualStudio.TestAdapter.Dump.DumpXml::AddString(System.String)
FNDA:0,System.Void NUnit.VisualStudio.TestAdapter.Dump.DumpXml::AddString(System.String)
DA:112,0
DA:113,0
FN:51,System.Void NUnit.VisualStudio.TestAdapter.Dump.DumpXml::.ctor(System.String,NUnit.VisualStudio.TestAdapter.Dump.IFile)
FNDA:0,System.Void NUnit.VisualStudio.TestAdapter.Dump.DumpXml::.ctor(System.String,NUnit.VisualStudio.TestAdapter.Dump.IFile)
DA:52,0
DA:54,0
DA:55,0
DA:56,0
DA:57,0
DA:58,0
DA:59,0
DA:60,0
BRDA:56,33,0,0
BRDA:56,33,1,0
LF:40
LH:0
BRF:4
BRH:0
FNF:11
FNH:0
end_of_record